{"meta": {"format": 3, "version": "7.13.5", "timestamp": "2026-04-01T17:43:38.706175", "branch_coverage": false, "show_contexts": false}, "files": {"app/__init__.py": {"executed_lines": [], "summary": {"covered_lines": 0, "num_statements": 0, "percent_covered": 100.0, "percent_covered_display": "100", "missing_lines": 0, "excluded_lines": 0, "percent_statements_covered": 100.0, "percent_statements_covered_display": "100"}, "missing_lines": [], "excluded_lines": [], "functions": {"": {"executed_lines": [], "summary": {"covered_lines": 0, "num_statements": 0, "percent_covered": 100.0, "percent_covered_display": "100", "missing_lines": 0, "excluded_lines": 0, "percent_statements_covered": 100.0, "percent_statements_covered_display": "100"}, "missing_lines": [], "excluded_lines": [], "start_line": 1}}, "classes": {"": {"executed_lines": [], "summary": {"covered_lines": 0, "num_statements": 0, "percent_covered": 100.0, "percent_covered_display": "100", "missing_lines": 0, "excluded_lines": 0, "percent_statements_covered": 100.0, "percent_statements_covered_display": "100"}, "missing_lines": [], "excluded_lines": [], "start_line": 1}}}, "app/api/__init__.py": {"executed_lines": [], "summary": {"covered_lines": 0, "num_statements": 0, "percent_covered": 100.0, "percent_covered_display": "100", "missing_lines": 0, "excluded_lines": 0, "percent_statements_covered": 100.0, "percent_statements_covered_display": "100"}, "missing_lines": [], "excluded_lines": [], "functions": {"": {"executed_lines": [], "summary": {"covered_lines": 0, "num_statements": 0, "percent_covered": 100.0, "percent_covered_display": "100", "missing_lines": 0, "excluded_lines": 0, "percent_statements_covered": 100.0, "percent_statements_covered_display": "100"}, "missing_lines": [], "excluded_lines": [], "start_line": 1}}, "classes": {"": {"executed_lines": [], "summary": {"covered_lines": 0, "num_statements": 0, "percent_covered": 100.0, "percent_covered_display": "100", "missing_lines": 0, "excluded_lines": 0, "percent_statements_covered": 100.0, "percent_statements_covered_display": "100"}, "missing_lines": [], "excluded_lines": [], "start_line": 1}}}, "app/api/deps.py": {"executed_lines": [3, 5, 6, 8, 9, 10, 11, 12, 13, 15, 16, 17, 18, 19, 20, 21, 22, 23, 24, 27, 34, 53, 54, 55, 56, 57, 61, 65, 84, 99, 100, 102, 103, 104, 111, 112, 113, 116, 117, 121, 122, 123, 124, 125, 126, 127, 131, 133, 136, 139, 140, 143, 144, 164, 165, 166, 169, 171, 173, 176, 178, 179, 188, 189, 190, 198, 204, 217, 218, 219, 230, 235], "summary": {"covered_lines": 72, "num_statements": 94, "percent_covered": 76.59574468085107, "percent_covered_display": "77", "missing_lines": 22, "excluded_lines": 0, "percent_statements_covered": 76.59574468085107, "percent_statements_covered_display": "77"}, "missing_lines": [79, 80, 81, 145, 154, 155, 156, 208, 209, 220, 223, 224, 259, 260, 263, 265, 266, 272, 276, 277, 278, 279], "excluded_lines": [], "functions": {"get_campaign_db": {"executed_lines": [53, 54, 55, 56, 57, 61], "summary": {"covered_lines": 6, "num_statements": 6, "percent_covered": 100.0, "percent_covered_display": "100", "missing_lines": 0, "excluded_lines": 0, "percent_statements_covered": 100.0, "percent_statements_covered_display": "100"}, "missing_lines": [], "excluded_lines": [], "start_line": 34}, "get_db_with_rls": {"executed_lines": [], "summary": {"covered_lines": 0, "num_statements": 3, "percent_covered": 0.0, "percent_covered_display": "0", "missing_lines": 3, "excluded_lines": 0, "percent_statements_covered": 0.0, "percent_statements_covered_display": "0"}, "missing_lines": [79, 80, 81], "excluded_lines": [], "start_line": 65}, "ensure_user_synced": {"executed_lines": [99, 100, 102, 103, 104, 111, 112, 113, 116, 117, 121, 122, 123, 124, 125, 126, 127, 131, 133, 136, 139, 140, 143, 144, 164, 165, 166, 169, 171, 173, 176, 178, 179, 188, 189, 190, 198, 204, 217, 218, 219, 230], "summary": {"covered_lines": 42, "num_statements": 51, "percent_covered": 82.3529411764706, "percent_covered_display": "82", "missing_lines": 9, "excluded_lines": 0, "percent_statements_covered": 82.3529411764706, "percent_statements_covered_display": "82"}, "missing_lines": [145, 154, 155, 156, 208, 209, 220, 223, 224], "excluded_lines": [], "start_line": 84}, "get_campaign_from_token": {"executed_lines": [], "summary": {"covered_lines": 0, "num_statements": 10, "percent_covered": 0.0, "percent_covered_display": "0", "missing_lines": 10, "excluded_lines": 0, "percent_statements_covered": 0.0, "percent_statements_covered_display": "0"}, "missing_lines": [259, 260, 263, 265, 266, 272, 276, 277, 278, 279], "excluded_lines": [], "start_line": 235}, "": {"executed_lines": [3, 5, 6, 8, 9, 10, 11, 12, 13, 15, 16, 17, 18, 19, 20, 21, 22, 23, 24, 27, 34, 65, 84, 235], "summary": {"covered_lines": 24, "num_statements": 24, "percent_covered": 100.0, "percent_covered_display": "100", "missing_lines": 0, "excluded_lines": 0, "percent_statements_covered": 100.0, "percent_statements_covered_display": "100"}, "missing_lines": [], "excluded_lines": [], "start_line": 1}}, "classes": {"": {"executed_lines": [3, 5, 6, 8, 9, 10, 11, 12, 13, 15, 16, 17, 18, 19, 20, 21, 22, 23, 24, 27, 34, 53, 54, 55, 56, 57, 61, 65, 84, 99, 100, 102, 103, 104, 111, 112, 113, 116, 117, 121, 122, 123, 124, 125, 126, 127, 131, 133, 136, 139, 140, 143, 144, 164, 165, 166, 169, 171, 173, 176, 178, 179, 188, 189, 190, 198, 204, 217, 218, 219, 230, 235], "summary": {"covered_lines": 72, "num_statements": 94, "percent_covered": 76.59574468085107, "percent_covered_display": "77", "missing_lines": 22, "excluded_lines": 0, "percent_statements_covered": 76.59574468085107, "percent_statements_covered_display": "77"}, "missing_lines": [79, 80, 81, 145, 154, 155, 156, 208, 209, 220, 223, 224, 259, 260, 263, 265, 266, 272, 276, 277, 278, 279], "excluded_lines": [], "start_line": 1}}}, "app/api/health.py": {"executed_lines": [6, 8, 10, 11, 12, 13, 15, 17, 20, 22, 28, 29, 31, 34, 35, 37, 38, 39, 46, 47], "summary": {"covered_lines": 20, "num_statements": 20, "percent_covered": 100.0, "percent_covered_display": "100", "missing_lines": 0, "excluded_lines": 0, "percent_statements_covered": 100.0, "percent_statements_covered_display": "100"}, "missing_lines": [], "excluded_lines": [], "functions": {"_build_info": {"executed_lines": [22], "summary": {"covered_lines": 1, "num_statements": 1, "percent_covered": 100.0, "percent_covered_display": "100", "missing_lines": 0, "excluded_lines": 0, "percent_statements_covered": 100.0, "percent_statements_covered_display": "100"}, "missing_lines": [], "excluded_lines": [], "start_line": 20}, "liveness": {"executed_lines": [31], "summary": {"covered_lines": 1, "num_statements": 1, "percent_covered": 100.0, "percent_covered_display": "100", "missing_lines": 0, "excluded_lines": 0, "percent_statements_covered": 100.0, "percent_statements_covered_display": "100"}, "missing_lines": [], "excluded_lines": [], "start_line": 29}, "readiness": {"executed_lines": [37, 38, 39, 46, 47], "summary": {"covered_lines": 5, "num_statements": 5, "percent_covered": 100.0, "percent_covered_display": "100", "missing_lines": 0, "excluded_lines": 0, "percent_statements_covered": 100.0, "percent_statements_covered_display": "100"}, "missing_lines": [], "excluded_lines": [], "start_line": 35}, "": {"executed_lines": [6, 8, 10, 11, 12, 13, 15, 17, 20, 28, 29, 34, 35], "summary": {"covered_lines": 13, "num_statements": 13, "percent_covered": 100.0, "percent_covered_display": "100", "missing_lines": 0, "excluded_lines": 0, "percent_statements_covered": 100.0, "percent_statements_covered_display": "100"}, "missing_lines": [], "excluded_lines": [], "start_line": 1}}, "classes": {"": {"executed_lines": [6, 8, 10, 11, 12, 13, 15, 17, 20, 22, 28, 29, 31, 34, 35, 37, 38, 39, 46, 47], "summary": {"covered_lines": 20, "num_statements": 20, "percent_covered": 100.0, "percent_covered_display": "100", "missing_lines": 0, "excluded_lines": 0, "percent_statements_covered": 100.0, "percent_statements_covered_display": "100"}, "missing_lines": [], "excluded_lines": [], "start_line": 1}}}, "app/api/v1/__init__.py": {"executed_lines": [], "summary": {"covered_lines": 0, "num_statements": 0, "percent_covered": 100.0, "percent_covered_display": "100", "missing_lines": 0, "excluded_lines": 0, "percent_statements_covered": 100.0, "percent_statements_covered_display": "100"}, "missing_lines": [], "excluded_lines": [], "functions": {"": {"executed_lines": [], "summary": {"covered_lines": 0, "num_statements": 0, "percent_covered": 100.0, "percent_covered_display": "100", "missing_lines": 0, "excluded_lines": 0, "percent_statements_covered": 100.0, "percent_statements_covered_display": "100"}, "missing_lines": [], "excluded_lines": [], "start_line": 1}}, "classes": {"": {"executed_lines": [], "summary": {"covered_lines": 0, "num_statements": 0, "percent_covered": 100.0, "percent_covered_display": "100", "missing_lines": 0, "excluded_lines": 0, "percent_statements_covered": 100.0, "percent_statements_covered_display": "100"}, "missing_lines": [], "excluded_lines": [], "start_line": 1}}}, "app/api/v1/call_lists.py": {"executed_lines": [3, 5, 7, 8, 9, 11, 12, 13, 14, 24, 25, 27, 29, 32, 37, 38, 65, 69, 70, 88, 92, 93, 116, 120, 121, 150, 154, 155, 209, 213, 214, 239, 243, 244, 307, 312, 313], "summary": {"covered_lines": 37, "num_statements": 107, "percent_covered": 34.57943925233645, "percent_covered_display": "35", "missing_lines": 70, "excluded_lines": 0, "percent_statements_covered": 34.57943925233645, "percent_statements_covered_display": "35"}, "missing_lines": [49, 50, 51, 54, 55, 61, 62, 80, 81, 82, 104, 105, 106, 107, 113, 134, 135, 136, 139, 140, 146, 147, 167, 168, 170, 172, 175, 176, 177, 178, 183, 184, 186, 187, 188, 201, 203, 225, 226, 227, 228, 229, 235, 236, 256, 257, 258, 261, 262, 269, 271, 273, 274, 275, 276, 281, 282, 285, 287, 288, 289, 302, 304, 328, 329, 330, 333, 334, 340, 341], "excluded_lines": [], "functions": {"generate_call_list": {"executed_lines": [], "summary": {"covered_lines": 0, "num_statements": 7, "percent_covered": 0.0, "percent_covered_display": "0", "missing_lines": 7, "excluded_lines": 0, "percent_statements_covered": 0.0, "percent_statements_covered_display": "0"}, "missing_lines": [49, 50, 51, 54, 55, 61, 62], "excluded_lines": [], "start_line": 38}, "list_call_lists": {"executed_lines": [], "summary": {"covered_lines": 0, "num_statements": 3, "percent_covered": 0.0, "percent_covered_display": "0", "missing_lines": 3, "excluded_lines": 0, "percent_statements_covered": 0.0, "percent_statements_covered_display": "0"}, "missing_lines": [80, 81, 82], "excluded_lines": [], "start_line": 70}, "get_call_list": {"executed_lines": [], "summary": {"covered_lines": 0, "num_statements": 5, "percent_covered": 0.0, "percent_covered_display": "0", "missing_lines": 5, "excluded_lines": 0, "percent_statements_covered": 0.0, "percent_statements_covered_display": "0"}, "missing_lines": [104, 105, 106, 107, 113], "excluded_lines": [], "start_line": 93}, "update_call_list_status": {"executed_lines": [], "summary": {"covered_lines": 0, "num_statements": 7, "percent_covered": 0.0, "percent_covered_display": "0", "missing_lines": 7, "excluded_lines": 0, "percent_statements_covered": 0.0, "percent_statements_covered_display": "0"}, "missing_lines": [134, 135, 136, 139, 140, 146, 147], "excluded_lines": [], "start_line": 121}, "list_call_list_entries": {"executed_lines": [], "summary": {"covered_lines": 0, "num_statements": 15, "percent_covered": 0.0, "percent_covered_display": "0", "missing_lines": 15, "excluded_lines": 0, "percent_statements_covered": 0.0, "percent_statements_covered_display": "0"}, "missing_lines": [167, 168, 170, 172, 175, 176, 177, 178, 183, 184, 186, 187, 188, 201, 203], "excluded_lines": [], "start_line": 155}, "delete_call_list": {"executed_lines": [], "summary": {"covered_lines": 0, "num_statements": 7, "percent_covered": 0.0, "percent_covered_display": "0", "missing_lines": 7, "excluded_lines": 0, "percent_statements_covered": 0.0, "percent_statements_covered_display": "0"}, "missing_lines": [225, 226, 227, 228, 229, 235, 236], "excluded_lines": [], "start_line": 214}, "claim_entries": {"executed_lines": [], "summary": {"covered_lines": 0, "num_statements": 19, "percent_covered": 0.0, "percent_covered_display": "0", "missing_lines": 19, "excluded_lines": 0, "percent_statements_covered": 0.0, "percent_statements_covered_display": "0"}, "missing_lines": [256, 257, 258, 261, 262, 269, 271, 273, 274, 275, 276, 281, 282, 285, 287, 288, 289, 302, 304], "excluded_lines": [], "start_line": 244}, "append_from_list": {"executed_lines": [], "summary": {"covered_lines": 0, "num_statements": 7, "percent_covered": 0.0, "percent_covered_display": "0", "missing_lines": 7, "excluded_lines": 0, "percent_statements_covered": 0.0, "percent_statements_covered_display": "0"}, "missing_lines": [328, 329, 330, 333, 334, 340, 341], "excluded_lines": [], "start_line": 313}, "": {"executed_lines": [3, 5, 7, 8, 9, 11, 12, 13, 14, 24, 25, 27, 29, 32, 37, 38, 65, 69, 70, 88, 92, 93, 116, 120, 121, 150, 154, 155, 209, 213, 214, 239, 243, 244, 307, 312, 313], "summary": {"covered_lines": 37, "num_statements": 37, "percent_covered": 100.0, "percent_covered_display": "100", "missing_lines": 0, "excluded_lines": 0, "percent_statements_covered": 100.0, "percent_statements_covered_display": "100"}, "missing_lines": [], "excluded_lines": [], "start_line": 1}}, "classes": {"": {"executed_lines": [3, 5, 7, 8, 9, 11, 12, 13, 14, 24, 25, 27, 29, 32, 37, 38, 65, 69, 70, 88, 92, 93, 116, 120, 121, 150, 154, 155, 209, 213, 214, 239, 243, 244, 307, 312, 313], "summary": {"covered_lines": 37, "num_statements": 107, "percent_covered": 34.57943925233645, "percent_covered_display": "35", "missing_lines": 70, "excluded_lines": 0, "percent_statements_covered": 34.57943925233645, "percent_statements_covered_display": "35"}, "missing_lines": [49, 50, 51, 54, 55, 61, 62, 80, 81, 82, 104, 105, 106, 107, 113, 134, 135, 136, 139, 140, 146, 147, 167, 168, 170, 172, 175, 176, 177, 178, 183, 184, 186, 187, 188, 201, 203, 225, 226, 227, 228, 229, 235, 236, 256, 257, 258, 261, 262, 269, 271, 273, 274, 275, 276, 281, 282, 285, 287, 288, 289, 302, 304, 328, 329, 330, 333, 334, 340, 341], "excluded_lines": [], "start_line": 1}}}, "app/api/v1/campaigns.py": {"executed_lines": [3, 5, 7, 8, 9, 11, 12, 13, 14, 15, 16, 17, 19, 21, 24, 29, 30, 42, 44, 46, 47, 53, 54, 59, 60, 73, 76, 80, 81, 92, 93, 94, 100, 104, 105, 115, 116, 117, 120, 124, 125, 136, 138, 139, 140, 141, 143, 147, 148, 155, 158, 159, 169, 172, 176, 177, 187, 188, 189, 195], "summary": {"covered_lines": 60, "num_statements": 65, "percent_covered": 92.3076923076923, "percent_covered_display": "92", "missing_lines": 5, "excluded_lines": 0, "percent_statements_covered": 92.3076923076923, "percent_statements_covered_display": "92"}, "missing_lines": [142, 144, 156, 164, 165], "excluded_lines": [], "functions": {"create_campaign": {"executed_lines": [42, 44, 46, 47, 53, 54, 59, 60, 73], "summary": {"covered_lines": 9, "num_statements": 9, "percent_covered": 100.0, "percent_covered_display": "100", "missing_lines": 0, "excluded_lines": 0, "percent_statements_covered": 100.0, "percent_statements_covered_display": "100"}, "missing_lines": [], "excluded_lines": [], "start_line": 30}, "list_campaigns": {"executed_lines": [92, 93, 94], "summary": {"covered_lines": 3, "num_statements": 3, "percent_covered": 100.0, "percent_covered_display": "100", "missing_lines": 0, "excluded_lines": 0, "percent_statements_covered": 100.0, "percent_statements_covered_display": "100"}, "missing_lines": [], "excluded_lines": [], "start_line": 81}, "get_campaign": {"executed_lines": [115, 116, 117], "summary": {"covered_lines": 3, "num_statements": 3, "percent_covered": 100.0, "percent_covered_display": "100", "missing_lines": 0, "excluded_lines": 0, "percent_statements_covered": 100.0, "percent_statements_covered_display": "100"}, "missing_lines": [], "excluded_lines": [], "start_line": 105}, "update_campaign": {"executed_lines": [136, 138, 139, 140, 141, 143, 147, 148, 155, 158, 159, 169], "summary": {"covered_lines": 12, "num_statements": 17, "percent_covered": 70.58823529411765, "percent_covered_display": "71", "missing_lines": 5, "excluded_lines": 0, "percent_statements_covered": 70.58823529411765, "percent_statements_covered_display": "71"}, "missing_lines": [142, 144, 156, 164, 165], "excluded_lines": [], "start_line": 125}, "delete_campaign": {"executed_lines": [187, 188, 189, 195], "summary": {"covered_lines": 4, "num_statements": 4, "percent_covered": 100.0, "percent_covered_display": "100", "missing_lines": 0, "excluded_lines": 0, "percent_statements_covered": 100.0, "percent_statements_covered_display": "100"}, "missing_lines": [], "excluded_lines": [], "start_line": 177}, "": {"executed_lines": [3, 5, 7, 8, 9, 11, 12, 13, 14, 15, 16, 17, 19, 21, 24, 29, 30, 76, 80, 81, 100, 104, 105, 120, 124, 125, 172, 176, 177], "summary": {"covered_lines": 29, "num_statements": 29, "percent_covered": 100.0, "percent_covered_display": "100", "missing_lines": 0, "excluded_lines": 0, "percent_statements_covered": 100.0, "percent_statements_covered_display": "100"}, "missing_lines": [], "excluded_lines": [], "start_line": 1}}, "classes": {"": {"executed_lines": [3, 5, 7, 8, 9, 11, 12, 13, 14, 15, 16, 17, 19, 21, 24, 29, 30, 42, 44, 46, 47, 53, 54, 59, 60, 73, 76, 80, 81, 92, 93, 94, 100, 104, 105, 115, 116, 117, 120, 124, 125, 136, 138, 139, 140, 141, 143, 147, 148, 155, 158, 159, 169, 172, 176, 177, 187, 188, 189, 195], "summary": {"covered_lines": 60, "num_statements": 65, "percent_covered": 92.3076923076923, "percent_covered_display": "92", "missing_lines": 5, "excluded_lines": 0, "percent_statements_covered": 92.3076923076923, "percent_statements_covered_display": "92"}, "missing_lines": [142, 144, 156, 164, 165], "excluded_lines": [], "start_line": 1}}}, "app/api/v1/config.py": {"executed_lines": [3, 5, 7, 8, 10, 13, 14, 15], "summary": {"covered_lines": 8, "num_statements": 9, "percent_covered": 88.88888888888889, "percent_covered_display": "89", "missing_lines": 1, "excluded_lines": 0, "percent_statements_covered": 88.88888888888889, "percent_statements_covered_display": "89"}, "missing_lines": [17], "excluded_lines": [], "functions": {"get_public_config": {"executed_lines": [], "summary": {"covered_lines": 0, "num_statements": 1, "percent_covered": 0.0, "percent_covered_display": "0", "missing_lines": 1, "excluded_lines": 0, "percent_statements_covered": 0.0, "percent_statements_covered_display": "0"}, "missing_lines": [17], "excluded_lines": [], "start_line": 15}, "": {"executed_lines": [3, 5, 7, 8, 10, 13, 14, 15], "summary": {"covered_lines": 8, "num_statements": 8, "percent_covered": 100.0, "percent_covered_display": "100", "missing_lines": 0, "excluded_lines": 0, "percent_statements_covered": 100.0, "percent_statements_covered_display": "100"}, "missing_lines": [], "excluded_lines": [], "start_line": 1}}, "classes": {"": {"executed_lines": [3, 5, 7, 8, 10, 13, 14, 15], "summary": {"covered_lines": 8, "num_statements": 9, "percent_covered": 88.88888888888889, "percent_covered_display": "89", "missing_lines": 1, "excluded_lines": 0, "percent_statements_covered": 88.88888888888889, "percent_statements_covered_display": "89"}, "missing_lines": [17], "excluded_lines": [], "start_line": 1}}}, "app/api/v1/dashboard.py": {"executed_lines": [3, 5, 6, 8, 9, 10, 12, 13, 14, 15, 16, 31, 37, 39, 40, 41, 49, 64, 68, 69, 104, 108, 109, 186, 190, 191, 207, 211, 212, 235, 239, 240, 264, 268, 269, 297, 301, 302, 333, 337, 338, 354, 358, 359, 383, 387, 388, 411, 415, 416, 444, 448, 449, 475, 479, 480, 511, 515, 516, 532, 536, 537, 560, 564, 565, 589, 593, 594, 620, 624, 625], "summary": {"covered_lines": 71, "num_statements": 133, "percent_covered": 53.38345864661654, "percent_covered_display": "53", "missing_lines": 62, "excluded_lines": 0, "percent_statements_covered": 53.38345864661654, "percent_statements_covered_display": "53"}, "missing_lines": [51, 52, 53, 81, 83, 84, 90, 92, 121, 123, 124, 125, 128, 134, 135, 138, 144, 145, 148, 153, 165, 171, 173, 203, 204, 224, 225, 252, 253, 284, 285, 294, 316, 317, 325, 350, 351, 371, 372, 400, 401, 431, 432, 441, 463, 464, 472, 494, 495, 503, 528, 529, 549, 550, 577, 578, 608, 609, 617, 640, 641, 650], "excluded_lines": [], "functions": {"_paginate": {"executed_lines": [], "summary": {"covered_lines": 0, "num_statements": 3, "percent_covered": 0.0, "percent_covered_display": "0", "missing_lines": 3, "excluded_lines": 0, "percent_statements_covered": 0.0, "percent_statements_covered_display": "0"}, "missing_lines": [51, 52, 53], "excluded_lines": [], "start_line": 49}, "get_overview": {"executed_lines": [], "summary": {"covered_lines": 0, "num_statements": 5, "percent_covered": 0.0, "percent_covered_display": "0", "missing_lines": 5, "excluded_lines": 0, "percent_statements_covered": 0.0, "percent_statements_covered_display": "0"}, "missing_lines": [81, 83, 84, 90, 92], "excluded_lines": [], "start_line": 69}, "get_my_stats": {"executed_lines": [], "summary": {"covered_lines": 0, "num_statements": 15, "percent_covered": 0.0, "percent_covered_display": "0", "missing_lines": 15, "excluded_lines": 0, "percent_statements_covered": 0.0, "percent_statements_covered_display": "0"}, "missing_lines": [121, 123, 124, 125, 128, 134, 135, 138, 144, 145, 148, 153, 165, 171, 173], "excluded_lines": [], "start_line": 109}, "get_canvassing_summary": {"executed_lines": [], "summary": {"covered_lines": 0, "num_statements": 2, "percent_covered": 0.0, "percent_covered_display": "0", "missing_lines": 2, "excluded_lines": 0, "percent_statements_covered": 0.0, "percent_statements_covered_display": "0"}, "missing_lines": [203, 204], "excluded_lines": [], "start_line": 191}, "get_canvassing_canvassers": {"executed_lines": [], "summary": {"covered_lines": 0, "num_statements": 2, "percent_covered": 0.0, "percent_covered_display": "0", "missing_lines": 2, "excluded_lines": 0, "percent_statements_covered": 0.0, "percent_statements_covered_display": "0"}, "missing_lines": [224, 225], "excluded_lines": [], "start_line": 212}, "get_canvassing_turfs": {"executed_lines": [], "summary": {"covered_lines": 0, "num_statements": 2, "percent_covered": 0.0, "percent_covered_display": "0", "missing_lines": 2, "excluded_lines": 0, "percent_statements_covered": 0.0, "percent_statements_covered_display": "0"}, "missing_lines": [252, 253], "excluded_lines": [], "start_line": 240}, "get_canvassing_by_turf": {"executed_lines": [], "summary": {"covered_lines": 0, "num_statements": 3, "percent_covered": 0.0, "percent_covered_display": "0", "missing_lines": 3, "excluded_lines": 0, "percent_statements_covered": 0.0, "percent_statements_covered_display": "0"}, "missing_lines": [284, 285, 294], "excluded_lines": [], "start_line": 269}, "get_canvassing_by_canvasser": {"executed_lines": [], "summary": {"covered_lines": 0, "num_statements": 3, "percent_covered": 0.0, "percent_covered_display": "0", "missing_lines": 3, "excluded_lines": 0, "percent_statements_covered": 0.0, "percent_statements_covered_display": "0"}, "missing_lines": [316, 317, 325], "excluded_lines": [], "start_line": 302}, "get_phone_banking_summary": {"executed_lines": [], "summary": {"covered_lines": 0, "num_statements": 2, "percent_covered": 0.0, "percent_covered_display": "0", "missing_lines": 2, "excluded_lines": 0, "percent_statements_covered": 0.0, "percent_statements_covered_display": "0"}, "missing_lines": [350, 351], "excluded_lines": [], "start_line": 338}, "get_phone_banking_sessions": {"executed_lines": [], "summary": {"covered_lines": 0, "num_statements": 2, "percent_covered": 0.0, "percent_covered_display": "0", "missing_lines": 2, "excluded_lines": 0, "percent_statements_covered": 0.0, "percent_statements_covered_display": "0"}, "missing_lines": [371, 372], "excluded_lines": [], "start_line": 359}, "get_phone_banking_callers": {"executed_lines": [], "summary": {"covered_lines": 0, "num_statements": 2, "percent_covered": 0.0, "percent_covered_display": "0", "missing_lines": 2, "excluded_lines": 0, "percent_statements_covered": 0.0, "percent_statements_covered_display": "0"}, "missing_lines": [400, 401], "excluded_lines": [], "start_line": 388}, "get_phone_banking_by_session": {"executed_lines": [], "summary": {"covered_lines": 0, "num_statements": 3, "percent_covered": 0.0, "percent_covered_display": "0", "missing_lines": 3, "excluded_lines": 0, "percent_statements_covered": 0.0, "percent_statements_covered_display": "0"}, "missing_lines": [431, 432, 441], "excluded_lines": [], "start_line": 416}, "get_phone_banking_by_caller": {"executed_lines": [], "summary": {"covered_lines": 0, "num_statements": 3, "percent_covered": 0.0, "percent_covered_display": "0", "missing_lines": 3, "excluded_lines": 0, "percent_statements_covered": 0.0, "percent_statements_covered_display": "0"}, "missing_lines": [463, 464, 472], "excluded_lines": [], "start_line": 449}, "get_phone_banking_by_call_list": {"executed_lines": [], "summary": {"covered_lines": 0, "num_statements": 3, "percent_covered": 0.0, "percent_covered_display": "0", "missing_lines": 3, "excluded_lines": 0, "percent_statements_covered": 0.0, "percent_statements_covered_display": "0"}, "missing_lines": [494, 495, 503], "excluded_lines": [], "start_line": 480}, "get_volunteer_summary": {"executed_lines": [], "summary": {"covered_lines": 0, "num_statements": 2, "percent_covered": 0.0, "percent_covered_display": "0", "missing_lines": 2, "excluded_lines": 0, "percent_statements_covered": 0.0, "percent_statements_covered_display": "0"}, "missing_lines": [528, 529], "excluded_lines": [], "start_line": 516}, "get_volunteers_list": {"executed_lines": [], "summary": {"covered_lines": 0, "num_statements": 2, "percent_covered": 0.0, "percent_covered_display": "0", "missing_lines": 2, "excluded_lines": 0, "percent_statements_covered": 0.0, "percent_statements_covered_display": "0"}, "missing_lines": [549, 550], "excluded_lines": [], "start_line": 537}, "get_volunteers_shifts": {"executed_lines": [], "summary": {"covered_lines": 0, "num_statements": 2, "percent_covered": 0.0, "percent_covered_display": "0", "missing_lines": 2, "excluded_lines": 0, "percent_statements_covered": 0.0, "percent_statements_covered_display": "0"}, "missing_lines": [577, 578], "excluded_lines": [], "start_line": 565}, "get_volunteers_by_volunteer": {"executed_lines": [], "summary": {"covered_lines": 0, "num_statements": 3, "percent_covered": 0.0, "percent_covered_display": "0", "missing_lines": 3, "excluded_lines": 0, "percent_statements_covered": 0.0, "percent_statements_covered_display": "0"}, "missing_lines": [608, 609, 617], "excluded_lines": [], "start_line": 594}, "get_volunteers_by_shift": {"executed_lines": [], "summary": {"covered_lines": 0, "num_statements": 3, "percent_covered": 0.0, "percent_covered_display": "0", "missing_lines": 3, "excluded_lines": 0, "percent_statements_covered": 0.0, "percent_statements_covered_display": "0"}, "missing_lines": [640, 641, 650], "excluded_lines": [], "start_line": 625}, "": {"executed_lines": [3, 5, 6, 8, 9, 10, 12, 13, 14, 15, 16, 31, 37, 39, 40, 41, 49, 64, 68, 69, 104, 108, 109, 186, 190, 191, 207, 211, 212, 235, 239, 240, 264, 268, 269, 297, 301, 302, 333, 337, 338, 354, 358, 359, 383, 387, 388, 411, 415, 416, 444, 448, 449, 475, 479, 480, 511, 515, 516, 532, 536, 537, 560, 564, 565, 589, 593, 594, 620, 624, 625], "summary": {"covered_lines": 71, "num_statements": 71, "percent_covered": 100.0, "percent_covered_display": "100", "missing_lines": 0, "excluded_lines": 0, "percent_statements_covered": 100.0, "percent_statements_covered_display": "100"}, "missing_lines": [], "excluded_lines": [], "start_line": 1}}, "classes": {"": {"executed_lines": [3, 5, 6, 8, 9, 10, 12, 13, 14, 15, 16, 31, 37, 39, 40, 41, 49, 64, 68, 69, 104, 108, 109, 186, 190, 191, 207, 211, 212, 235, 239, 240, 264, 268, 269, 297, 301, 302, 333, 337, 338, 354, 358, 359, 383, 387, 388, 411, 415, 416, 444, 448, 449, 475, 479, 480, 511, 515, 516, 532, 536, 537, 560, 564, 565, 589, 593, 594, 620, 624, 625], "summary": {"covered_lines": 71, "num_statements": 133, "percent_covered": 53.38345864661654, "percent_covered_display": "53", "missing_lines": 62, "excluded_lines": 0, "percent_statements_covered": 53.38345864661654, "percent_statements_covered_display": "53"}, "missing_lines": [51, 52, 53, 81, 83, 84, 90, 92, 121, 123, 124, 125, 128, 134, 135, 138, 144, 145, 148, 153, 165, 171, 173, 203, 204, 224, 225, 252, 253, 284, 285, 294, 316, 317, 325, 350, 351, 371, 372, 400, 401, 431, 432, 441, 463, 464, 472, 494, 495, 503, 528, 529, 549, 550, 577, 578, 608, 609, 617, 640, 641, 650], "excluded_lines": [], "start_line": 1}}}, "app/api/v1/dnc.py": {"executed_lines": [3, 5, 7, 8, 9, 11, 12, 13, 14, 21, 23, 25, 28, 32, 33, 48, 53, 54, 73, 77, 78, 100, 104, 105, 130, 134, 135], "summary": {"covered_lines": 27, "num_statements": 49, "percent_covered": 55.10204081632653, "percent_covered_display": "55", "missing_lines": 22, "excluded_lines": 0, "percent_statements_covered": 55.10204081632653, "percent_statements_covered_display": "55"}, "missing_lines": [43, 44, 45, 65, 66, 69, 70, 90, 91, 92, 93, 96, 97, 116, 117, 118, 119, 120, 126, 127, 146, 147], "excluded_lines": [], "functions": {"list_dnc_entries": {"executed_lines": [], "summary": {"covered_lines": 0, "num_statements": 3, "percent_covered": 0.0, "percent_covered_display": "0", "missing_lines": 3, "excluded_lines": 0, "percent_statements_covered": 0.0, "percent_statements_covered_display": "0"}, "missing_lines": [43, 44, 45], "excluded_lines": [], "start_line": 33}, "add_dnc_entry": {"executed_lines": [], "summary": {"covered_lines": 0, "num_statements": 4, "percent_covered": 0.0, "percent_covered_display": "0", "missing_lines": 4, "excluded_lines": 0, "percent_statements_covered": 0.0, "percent_statements_covered_display": "0"}, "missing_lines": [65, 66, 69, 70], "excluded_lines": [], "start_line": 54}, "bulk_import_dnc": {"executed_lines": [], "summary": {"covered_lines": 0, "num_statements": 6, "percent_covered": 0.0, "percent_covered_display": "0", "missing_lines": 6, "excluded_lines": 0, "percent_statements_covered": 0.0, "percent_statements_covered_display": "0"}, "missing_lines": [90, 91, 92, 93, 96, 97], "excluded_lines": [], "start_line": 78}, "delete_dnc_entry": {"executed_lines": [], "summary": {"covered_lines": 0, "num_statements": 7, "percent_covered": 0.0, "percent_covered_display": "0", "missing_lines": 7, "excluded_lines": 0, "percent_statements_covered": 0.0, "percent_statements_covered_display": "0"}, "missing_lines": [116, 117, 118, 119, 120, 126, 127], "excluded_lines": [], "start_line": 105}, "check_dnc": {"executed_lines": [], "summary": {"covered_lines": 0, "num_statements": 2, "percent_covered": 0.0, "percent_covered_display": "0", "missing_lines": 2, "excluded_lines": 0, "percent_statements_covered": 0.0, "percent_statements_covered_display": "0"}, "missing_lines": [146, 147], "excluded_lines": [], "start_line": 135}, "": {"executed_lines": [3, 5, 7, 8, 9, 11, 12, 13, 14, 21, 23, 25, 28, 32, 33, 48, 53, 54, 73, 77, 78, 100, 104, 105, 130, 134, 135], "summary": {"covered_lines": 27, "num_statements": 27, "percent_covered": 100.0, "percent_covered_display": "100", "missing_lines": 0, "excluded_lines": 0, "percent_statements_covered": 100.0, "percent_statements_covered_display": "100"}, "missing_lines": [], "excluded_lines": [], "start_line": 1}}, "classes": {"": {"executed_lines": [3, 5, 7, 8, 9, 11, 12, 13, 14, 21, 23, 25, 28, 32, 33, 48, 53, 54, 73, 77, 78, 100, 104, 105, 130, 134, 135], "summary": {"covered_lines": 27, "num_statements": 49, "percent_covered": 55.10204081632653, "percent_covered_display": "55", "missing_lines": 22, "excluded_lines": 0, "percent_statements_covered": 55.10204081632653, "percent_statements_covered_display": "55"}, "missing_lines": [43, 44, 45, 65, 66, 69, 70, 90, 91, 92, 93, 96, 97, 116, 117, 118, 119, 120, 126, 127, 146, 147], "excluded_lines": [], "start_line": 1}}}, "app/api/v1/field.py": {"executed_lines": [3, 5, 7, 8, 10, 11, 12, 13, 14, 16, 18, 21, 25, 26], "summary": {"covered_lines": 14, "num_statements": 17, "percent_covered": 82.3529411764706, "percent_covered_display": "82", "missing_lines": 3, "excluded_lines": 0, "percent_statements_covered": 82.3529411764706, "percent_statements_covered_display": "82"}, "missing_lines": [37, 39, 47], "excluded_lines": [], "functions": {"get_field_me": {"executed_lines": [], "summary": {"covered_lines": 0, "num_statements": 3, "percent_covered": 0.0, "percent_covered_display": "0", "missing_lines": 3, "excluded_lines": 0, "percent_statements_covered": 0.0, "percent_statements_covered_display": "0"}, "missing_lines": [37, 39, 47], "excluded_lines": [], "start_line": 26}, "": {"executed_lines": [3, 5, 7, 8, 10, 11, 12, 13, 14, 16, 18, 21, 25, 26], "summary": {"covered_lines": 14, "num_statements": 14, "percent_covered": 100.0, "percent_covered_display": "100", "missing_lines": 0, "excluded_lines": 0, "percent_statements_covered": 100.0, "percent_statements_covered_display": "100"}, "missing_lines": [], "excluded_lines": [], "start_line": 1}}, "classes": {"": {"executed_lines": [3, 5, 7, 8, 10, 11, 12, 13, 14, 16, 18, 21, 25, 26], "summary": {"covered_lines": 14, "num_statements": 17, "percent_covered": 82.3529411764706, "percent_covered_display": "82", "missing_lines": 3, "excluded_lines": 0, "percent_statements_covered": 82.3529411764706, "percent_statements_covered_display": "82"}, "missing_lines": [37, 39, 47], "excluded_lines": [], "start_line": 1}}}, "app/api/v1/imports.py": {"executed_lines": [8, 10, 11, 13, 14, 15, 16, 18, 19, 20, 21, 22, 27, 28, 34, 39, 41, 43, 44, 47, 52, 53, 107, 111, 112, 195, 200, 201, 225, 227, 229, 230, 236, 243, 244, 247, 258, 259, 262, 263, 269, 270, 275, 278, 283, 284, 306, 308, 309, 310, 315, 316, 321, 322, 323, 324, 325, 328, 332, 333, 376, 380, 381, 402, 404, 405, 411, 416, 445, 449, 450, 505, 509, 510], "summary": {"covered_lines": 74, "num_statements": 166, "percent_covered": 44.57831325301205, "percent_covered_display": "45", "missing_lines": 92, "excluded_lines": 0, "percent_statements_covered": 44.57831325301205, "percent_statements_covered_display": "45"}, "missing_lines": [77, 79, 82, 90, 91, 94, 95, 96, 98, 100, 139, 141, 142, 143, 148, 151, 152, 153, 154, 155, 156, 157, 158, 161, 162, 163, 169, 170, 171, 172, 176, 178, 181, 184, 185, 186, 187, 188, 190, 191, 192, 231, 237, 248, 256, 355, 357, 358, 359, 364, 367, 368, 369, 373, 406, 422, 423, 424, 425, 426, 427, 428, 429, 430, 431, 432, 434, 435, 436, 437, 438, 439, 470, 472, 474, 481, 482, 483, 484, 486, 487, 489, 490, 491, 493, 494, 496, 529, 531, 542, 543, 545], "excluded_lines": [], "functions": {"initiate_import": {"executed_lines": [], "summary": {"covered_lines": 0, "num_statements": 10, "percent_covered": 0.0, "percent_covered_display": "0", "missing_lines": 10, "excluded_lines": 0, "percent_statements_covered": 0.0, "percent_statements_covered_display": "0"}, "missing_lines": [77, 79, 82, 90, 91, 94, 95, 96, 98, 100], "excluded_lines": [], "start_line": 53}, "detect_columns": {"executed_lines": [], "summary": {"covered_lines": 0, "num_statements": 31, "percent_covered": 0.0, "percent_covered_display": "0", "missing_lines": 31, "excluded_lines": 0, "percent_statements_covered": 0.0, "percent_statements_covered_display": "0"}, "missing_lines": [139, 141, 142, 143, 148, 151, 152, 153, 154, 155, 156, 157, 158, 161, 162, 163, 169, 170, 171, 172, 176, 178, 181, 184, 185, 186, 187, 188, 190, 191, 192], "excluded_lines": [], "start_line": 112}, "confirm_mapping": {"executed_lines": [225, 227, 229, 230, 236, 243, 244, 247, 258, 259, 262, 263, 269, 270, 275], "summary": {"covered_lines": 15, "num_statements": 19, "percent_covered": 78.94736842105263, "percent_covered_display": "79", "missing_lines": 4, "excluded_lines": 0, "percent_statements_covered": 78.94736842105263, "percent_statements_covered_display": "79"}, "missing_lines": [231, 237, 248, 256], "excluded_lines": [], "start_line": 201}, "cancel_import": {"executed_lines": [306, 308, 309, 310, 315, 316, 321, 322, 323, 324, 325], "summary": {"covered_lines": 11, "num_statements": 11, "percent_covered": 100.0, "percent_covered_display": "100", "missing_lines": 0, "excluded_lines": 0, "percent_statements_covered": 100.0, "percent_statements_covered_display": "100"}, "missing_lines": [], "excluded_lines": [], "start_line": 284}, "get_import_status": {"executed_lines": [], "summary": {"covered_lines": 0, "num_statements": 9, "percent_covered": 0.0, "percent_covered_display": "0", "missing_lines": 9, "excluded_lines": 0, "percent_statements_covered": 0.0, "percent_statements_covered_display": "0"}, "missing_lines": [355, 357, 358, 359, 364, 367, 368, 369, 373], "excluded_lines": [], "start_line": 333}, "delete_import": {"executed_lines": [402, 404, 405, 411, 416], "summary": {"covered_lines": 5, "num_statements": 23, "percent_covered": 21.73913043478261, "percent_covered_display": "22", "missing_lines": 18, "excluded_lines": 0, "percent_statements_covered": 21.73913043478261, "percent_statements_covered_display": "22"}, "missing_lines": [406, 422, 423, 424, 425, 426, 427, 428, 429, 430, 431, 432, 434, 435, 436, 437, 438, 439], "excluded_lines": [], "start_line": 381}, "list_imports": {"executed_lines": [], "summary": {"covered_lines": 0, "num_statements": 15, "percent_covered": 0.0, "percent_covered_display": "0", "missing_lines": 15, "excluded_lines": 0, "percent_statements_covered": 0.0, "percent_statements_covered_display": "0"}, "missing_lines": [470, 472, 474, 481, 482, 483, 484, 486, 487, 489, 490, 491, 493, 494, 496], "excluded_lines": [], "start_line": 450}, "list_mapping_templates": {"executed_lines": [], "summary": {"covered_lines": 0, "num_statements": 5, "percent_covered": 0.0, "percent_covered_display": "0", "missing_lines": 5, "excluded_lines": 0, "percent_statements_covered": 0.0, "percent_statements_covered_display": "0"}, "missing_lines": [529, 531, 542, 543, 545], "excluded_lines": [], "start_line": 510}, "": {"executed_lines": [8, 10, 11, 13, 14, 15, 16, 18, 19, 20, 21, 22, 27, 28, 34, 39, 41, 43, 44, 47, 52, 53, 107, 111, 112, 195, 200, 201, 278, 283, 284, 328, 332, 333, 376, 380, 381, 445, 449, 450, 505, 509, 510], "summary": {"covered_lines": 43, "num_statements": 43, "percent_covered": 100.0, "percent_covered_display": "100", "missing_lines": 0, "excluded_lines": 0, "percent_statements_covered": 100.0, "percent_statements_covered_display": "100"}, "missing_lines": [], "excluded_lines": [], "start_line": 1}}, "classes": {"": {"executed_lines": [8, 10, 11, 13, 14, 15, 16, 18, 19, 20, 21, 22, 27, 28, 34, 39, 41, 43, 44, 47, 52, 53, 107, 111, 112, 195, 200, 201, 225, 227, 229, 230, 236, 243, 244, 247, 258, 259, 262, 263, 269, 270, 275, 278, 283, 284, 306, 308, 309, 310, 315, 316, 321, 322, 323, 324, 325, 328, 332, 333, 376, 380, 381, 402, 404, 405, 411, 416, 445, 449, 450, 505, 509, 510], "summary": {"covered_lines": 74, "num_statements": 166, "percent_covered": 44.57831325301205, "percent_covered_display": "45", "missing_lines": 92, "excluded_lines": 0, "percent_statements_covered": 44.57831325301205, "percent_statements_covered_display": "45"}, "missing_lines": [77, 79, 82, 90, 91, 94, 95, 96, 98, 100, 139, 141, 142, 143, 148, 151, 152, 153, 154, 155, 156, 157, 158, 161, 162, 163, 169, 170, 171, 172, 176, 178, 181, 184, 185, 186, 187, 188, 190, 191, 192, 231, 237, 248, 256, 355, 357, 358, 359, 364, 367, 368, 369, 373, 406, 422, 423, 424, 425, 426, 427, 428, 429, 430, 431, 432, 434, 435, 436, 437, 438, 439, 470, 472, 474, 481, 482, 483, 484, 486, 487, 489, 490, 491, 493, 494, 496, 529, 531, 542, 543, 545], "excluded_lines": [], "start_line": 1}}}, "app/api/v1/invites.py": {"executed_lines": [3, 5, 7, 8, 10, 11, 12, 13, 14, 16, 17, 20, 25, 26, 34, 36, 37, 44, 64, 68, 69, 93, 97, 98, 106, 107, 115, 119, 120, 127, 128, 129, 135], "summary": {"covered_lines": 33, "num_statements": 43, "percent_covered": 76.74418604651163, "percent_covered_display": "77", "missing_lines": 10, "excluded_lines": 0, "percent_statements_covered": 76.74418604651163, "percent_statements_covered_display": "77"}, "missing_lines": [55, 56, 57, 58, 76, 77, 108, 109, 140, 141], "excluded_lines": [], "functions": {"create_invite": {"executed_lines": [34, 36, 37, 44], "summary": {"covered_lines": 4, "num_statements": 8, "percent_covered": 50.0, "percent_covered_display": "50", "missing_lines": 4, "excluded_lines": 0, "percent_statements_covered": 50.0, "percent_statements_covered_display": "50"}, "missing_lines": [55, 56, 57, 58], "excluded_lines": [], "start_line": 26}, "list_invites": {"executed_lines": [], "summary": {"covered_lines": 0, "num_statements": 2, "percent_covered": 0.0, "percent_covered_display": "0", "missing_lines": 2, "excluded_lines": 0, "percent_statements_covered": 0.0, "percent_statements_covered_display": "0"}, "missing_lines": [76, 77], "excluded_lines": [], "start_line": 69}, "revoke_invite": {"executed_lines": [106, 107], "summary": {"covered_lines": 2, "num_statements": 4, "percent_covered": 50.0, "percent_covered_display": "50", "missing_lines": 2, "excluded_lines": 0, "percent_statements_covered": 50.0, "percent_statements_covered_display": "50"}, "missing_lines": [108, 109], "excluded_lines": [], "start_line": 98}, "accept_invite": {"executed_lines": [127, 128, 129, 135], "summary": {"covered_lines": 4, "num_statements": 6, "percent_covered": 66.66666666666667, "percent_covered_display": "67", "missing_lines": 2, "excluded_lines": 0, "percent_statements_covered": 66.66666666666667, "percent_statements_covered_display": "67"}, "missing_lines": [140, 141], "excluded_lines": [], "start_line": 120}, "": {"executed_lines": [3, 5, 7, 8, 10, 11, 12, 13, 14, 16, 17, 20, 25, 26, 64, 68, 69, 93, 97, 98, 115, 119, 120], "summary": {"covered_lines": 23, "num_statements": 23, "percent_covered": 100.0, "percent_covered_display": "100", "missing_lines": 0, "excluded_lines": 0, "percent_statements_covered": 100.0, "percent_statements_covered_display": "100"}, "missing_lines": [], "excluded_lines": [], "start_line": 1}}, "classes": {"": {"executed_lines": [3, 5, 7, 8, 10, 11, 12, 13, 14, 16, 17, 20, 25, 26, 34, 36, 37, 44, 64, 68, 69, 93, 97, 98, 106, 107, 115, 119, 120, 127, 128, 129, 135], "summary": {"covered_lines": 33, "num_statements": 43, "percent_covered": 76.74418604651163, "percent_covered_display": "77", "missing_lines": 10, "excluded_lines": 0, "percent_statements_covered": 76.74418604651163, "percent_statements_covered_display": "77"}, "missing_lines": [55, 56, 57, 58, 76, 77, 108, 109, 140, 141], "excluded_lines": [], "start_line": 1}}}, "app/api/v1/join.py": {"executed_lines": [14, 16, 18, 19, 21, 22, 23, 24, 25, 27, 29, 30, 33, 42, 43, 60, 61, 64, 75, 76, 97, 98, 100], "summary": {"covered_lines": 23, "num_statements": 23, "percent_covered": 100.0, "percent_covered_display": "100", "missing_lines": 0, "excluded_lines": 0, "percent_statements_covered": 100.0, "percent_statements_covered_display": "100"}, "missing_lines": [], "excluded_lines": [], "functions": {"get_campaign_public_info": {"executed_lines": [60, 61], "summary": {"covered_lines": 2, "num_statements": 2, "percent_covered": 100.0, "percent_covered_display": "100", "missing_lines": 0, "excluded_lines": 0, "percent_statements_covered": 100.0, "percent_statements_covered_display": "100"}, "missing_lines": [], "excluded_lines": [], "start_line": 43}, "register_volunteer": {"executed_lines": [97, 98, 100], "summary": {"covered_lines": 3, "num_statements": 3, "percent_covered": 100.0, "percent_covered_display": "100", "missing_lines": 0, "excluded_lines": 0, "percent_statements_covered": 100.0, "percent_statements_covered_display": "100"}, "missing_lines": [], "excluded_lines": [], "start_line": 76}, "": {"executed_lines": [14, 16, 18, 19, 21, 22, 23, 24, 25, 27, 29, 30, 33, 42, 43, 64, 75, 76], "summary": {"covered_lines": 18, "num_statements": 18, "percent_covered": 100.0, "percent_covered_display": "100", "missing_lines": 0, "excluded_lines": 0, "percent_statements_covered": 100.0, "percent_statements_covered_display": "100"}, "missing_lines": [], "excluded_lines": [], "start_line": 1}}, "classes": {"": {"executed_lines": [14, 16, 18, 19, 21, 22, 23, 24, 25, 27, 29, 30, 33, 42, 43, 60, 61, 64, 75, 76, 97, 98, 100], "summary": {"covered_lines": 23, "num_statements": 23, "percent_covered": 100.0, "percent_covered_display": "100", "missing_lines": 0, "excluded_lines": 0, "percent_statements_covered": 100.0, "percent_statements_covered_display": "100"}, "missing_lines": [], "excluded_lines": [], "start_line": 1}}}, "app/api/v1/members.py": {"executed_lines": [3, 5, 7, 8, 9, 10, 12, 13, 14, 15, 16, 21, 22, 23, 24, 26, 29, 33, 34, 46, 47, 52, 54, 55, 56, 57, 58, 63, 72, 75, 79, 80, 93, 96, 97, 98, 103, 104, 105, 112, 120, 121, 127, 128, 131, 134, 135, 140, 146, 147, 152, 167, 168, 169, 180, 181, 182, 187, 196, 200, 201, 210, 213, 214, 215, 220, 226, 227, 233, 236, 237, 249, 250, 253, 257, 258, 270, 273, 274, 281, 287, 288, 294, 295, 296, 302, 304, 310, 317, 323, 337, 340, 346, 347, 352, 353, 355, 356, 357, 358, 363, 364, 366, 374, 376], "summary": {"covered_lines": 105, "num_statements": 126, "percent_covered": 83.33333333333333, "percent_covered_display": "83", "missing_lines": 21, "excluded_lines": 0, "percent_statements_covered": 83.33333333333333, "percent_statements_covered_display": "83"}, "missing_lines": [59, 109, 122, 136, 158, 159, 170, 171, 177, 178, 183, 228, 242, 243, 275, 289, 329, 330, 348, 367, 368], "excluded_lines": [], "functions": {"list_members": {"executed_lines": [46, 47, 52, 54, 55, 56, 57, 58, 63, 72], "summary": {"covered_lines": 10, "num_statements": 11, "percent_covered": 90.9090909090909, "percent_covered_display": "91", "missing_lines": 1, "excluded_lines": 0, "percent_statements_covered": 90.9090909090909, "percent_statements_covered_display": "91"}, "missing_lines": [59], "excluded_lines": [], "start_line": 34}, "update_member_role": {"executed_lines": [93, 96, 97, 98, 103, 104, 105, 112, 120, 121, 127, 128, 131, 134, 135, 140, 146, 147, 152, 167, 168, 169, 180, 181, 182, 187], "summary": {"covered_lines": 26, "num_statements": 36, "percent_covered": 72.22222222222223, "percent_covered_display": "72", "missing_lines": 10, "excluded_lines": 0, "percent_statements_covered": 72.22222222222223, "percent_statements_covered_display": "72"}, "missing_lines": [109, 122, 136, 158, 159, 170, 171, 177, 178, 183], "excluded_lines": [], "start_line": 80}, "remove_member": {"executed_lines": [210, 213, 214, 215, 220, 226, 227, 233, 236, 237, 249, 250], "summary": {"covered_lines": 12, "num_statements": 15, "percent_covered": 80.0, "percent_covered_display": "80", "missing_lines": 3, "excluded_lines": 0, "percent_statements_covered": 80.0, "percent_statements_covered_display": "80"}, "missing_lines": [228, 242, 243], "excluded_lines": [], "start_line": 201}, "transfer_ownership": {"executed_lines": [270, 273, 274, 281, 287, 288, 294, 295, 296, 302, 304, 310, 317, 323, 337, 340, 346, 347, 352, 353, 355, 356, 357, 358, 363, 364, 366, 374, 376], "summary": {"covered_lines": 29, "num_statements": 36, "percent_covered": 80.55555555555556, "percent_covered_display": "81", "missing_lines": 7, "excluded_lines": 0, "percent_statements_covered": 80.55555555555556, "percent_statements_covered_display": "81"}, "missing_lines": [275, 289, 329, 330, 348, 367, 368], "excluded_lines": [], "start_line": 258}, "": {"executed_lines": [3, 5, 7, 8, 9, 10, 12, 13, 14, 15, 16, 21, 22, 23, 24, 26, 29, 33, 34, 75, 79, 80, 196, 200, 201, 253, 257, 258], "summary": {"covered_lines": 28, "num_statements": 28, "percent_covered": 100.0, "percent_covered_display": "100", "missing_lines": 0, "excluded_lines": 0, "percent_statements_covered": 100.0, "percent_statements_covered_display": "100"}, "missing_lines": [], "excluded_lines": [], "start_line": 1}}, "classes": {"": {"executed_lines": [3, 5, 7, 8, 9, 10, 12, 13, 14, 15, 16, 21, 22, 23, 24, 26, 29, 33, 34, 46, 47, 52, 54, 55, 56, 57, 58, 63, 72, 75, 79, 80, 93, 96, 97, 98, 103, 104, 105, 112, 120, 121, 127, 128, 131, 134, 135, 140, 146, 147, 152, 167, 168, 169, 180, 181, 182, 187, 196, 200, 201, 210, 213, 214, 215, 220, 226, 227, 233, 236, 237, 249, 250, 253, 257, 258, 270, 273, 274, 281, 287, 288, 294, 295, 296, 302, 304, 310, 317, 323, 337, 340, 346, 347, 352, 353, 355, 356, 357, 358, 363, 364, 366, 374, 376], "summary": {"covered_lines": 105, "num_statements": 126, "percent_covered": 83.33333333333333, "percent_covered_display": "83", "missing_lines": 21, "excluded_lines": 0, "percent_statements_covered": 83.33333333333333, "percent_statements_covered_display": "83"}, "missing_lines": [59, 109, 122, 136, 158, 159, 170, 171, 177, 178, 183, 228, 242, 243, 275, 289, 329, 330, 348, 367, 368], "excluded_lines": [], "start_line": 1}}}, "app/api/v1/org.py": {"executed_lines": [8, 10, 12, 13, 14, 16, 17, 21, 22, 23, 31, 33, 34, 37, 38, 39, 45, 48, 51, 52, 53, 75, 76, 77, 83, 86, 87, 102, 103, 104, 110, 113, 114, 130, 134, 135], "summary": {"covered_lines": 36, "num_statements": 52, "percent_covered": 69.23076923076923, "percent_covered_display": "69", "missing_lines": 16, "excluded_lines": 0, "percent_statements_covered": 69.23076923076923, "percent_statements_covered_display": "69"}, "missing_lines": [60, 63, 64, 68, 69, 70, 71, 72, 143, 146, 147, 151, 152, 159, 165, 166], "excluded_lines": [], "functions": {"get_org": {"executed_lines": [45, 48], "summary": {"covered_lines": 2, "num_statements": 2, "percent_covered": 100.0, "percent_covered_display": "100", "missing_lines": 0, "excluded_lines": 0, "percent_statements_covered": 100.0, "percent_statements_covered_display": "100"}, "missing_lines": [], "excluded_lines": [], "start_line": 39}, "update_org": {"executed_lines": [], "summary": {"covered_lines": 0, "num_statements": 8, "percent_covered": 0.0, "percent_covered_display": "0", "missing_lines": 8, "excluded_lines": 0, "percent_statements_covered": 0.0, "percent_statements_covered_display": "0"}, "missing_lines": [60, 63, 64, 68, 69, 70, 71, 72], "excluded_lines": [], "start_line": 53}, "list_org_campaigns": {"executed_lines": [83, 86, 87], "summary": {"covered_lines": 3, "num_statements": 3, "percent_covered": 100.0, "percent_covered_display": "100", "missing_lines": 0, "excluded_lines": 0, "percent_statements_covered": 100.0, "percent_statements_covered_display": "100"}, "missing_lines": [], "excluded_lines": [], "start_line": 77}, "list_org_members": {"executed_lines": [110, 113, 114], "summary": {"covered_lines": 3, "num_statements": 3, "percent_covered": 100.0, "percent_covered_display": "100", "missing_lines": 0, "excluded_lines": 0, "percent_statements_covered": 100.0, "percent_statements_covered_display": "100"}, "missing_lines": [], "excluded_lines": [], "start_line": 104}, "add_member_to_campaign": {"executed_lines": [], "summary": {"covered_lines": 0, "num_statements": 8, "percent_covered": 0.0, "percent_covered_display": "0", "missing_lines": 8, "excluded_lines": 0, "percent_statements_covered": 0.0, "percent_statements_covered_display": "0"}, "missing_lines": [143, 146, 147, 151, 152, 159, 165, 166], "excluded_lines": [], "start_line": 135}, "": {"executed_lines": [8, 10, 12, 13, 14, 16, 17, 21, 22, 23, 31, 33, 34, 37, 38, 39, 51, 52, 53, 75, 76, 77, 102, 103, 104, 130, 134, 135], "summary": {"covered_lines": 28, "num_statements": 28, "percent_covered": 100.0, "percent_covered_display": "100", "missing_lines": 0, "excluded_lines": 0, "percent_statements_covered": 100.0, "percent_statements_covered_display": "100"}, "missing_lines": [], "excluded_lines": [], "start_line": 1}}, "classes": {"": {"executed_lines": [8, 10, 12, 13, 14, 16, 17, 21, 22, 23, 31, 33, 34, 37, 38, 39, 45, 48, 51, 52, 53, 75, 76, 77, 83, 86, 87, 102, 103, 104, 110, 113, 114, 130, 134, 135], "summary": {"covered_lines": 36, "num_statements": 52, "percent_covered": 69.23076923076923, "percent_covered_display": "69", "missing_lines": 16, "excluded_lines": 0, "percent_statements_covered": 69.23076923076923, "percent_statements_covered_display": "69"}, "missing_lines": [60, 63, 64, 68, 69, 70, 71, 72, 143, 146, 147, 151, 152, 159, 165, 166], "excluded_lines": [], "start_line": 1}}}, "app/api/v1/phone_banks.py": {"executed_lines": [3, 5, 7, 8, 9, 10, 11, 13, 14, 15, 16, 17, 18, 19, 20, 31, 33, 35, 43, 48, 49, 68, 72, 73, 132, 136, 137, 167, 171, 172, 198, 202, 203, 214, 215, 216, 217, 218, 219, 220, 226, 232, 233, 241, 246, 247, 281, 285, 286, 312, 316, 317, 333, 337, 338, 363, 367, 368, 398, 403, 404, 437, 441, 442, 466, 470, 471, 500, 504, 505, 531, 535, 536], "summary": {"covered_lines": 73, "num_statements": 178, "percent_covered": 41.01123595505618, "percent_covered_display": "41", "missing_lines": 105, "excluded_lines": 0, "percent_statements_covered": 41.01123595505618, "percent_statements_covered_display": "41"}, "missing_lines": [60, 61, 64, 65, 85, 87, 88, 93, 94, 95, 96, 101, 104, 105, 106, 107, 110, 112, 126, 148, 149, 150, 151, 157, 160, 161, 162, 163, 164, 184, 185, 186, 187, 188, 194, 195, 259, 260, 261, 262, 263, 269, 270, 271, 272, 273, 278, 298, 299, 300, 301, 302, 308, 309, 328, 329, 330, 349, 350, 351, 352, 353, 359, 360, 379, 380, 381, 382, 383, 389, 390, 416, 417, 418, 421, 422, 428, 429, 453, 454, 455, 456, 457, 463, 484, 485, 486, 489, 490, 496, 497, 517, 518, 519, 520, 521, 527, 528, 549, 550, 551, 552, 553, 559, 560], "excluded_lines": [], "functions": {"create_session": {"executed_lines": [], "summary": {"covered_lines": 0, "num_statements": 4, "percent_covered": 0.0, "percent_covered_display": "0", "missing_lines": 4, "excluded_lines": 0, "percent_statements_covered": 0.0, "percent_statements_covered_display": "0"}, "missing_lines": [60, 61, 64, 65], "excluded_lines": [], "start_line": 49}, "list_sessions": {"executed_lines": [], "summary": {"covered_lines": 0, "num_statements": 15, "percent_covered": 0.0, "percent_covered_display": "0", "missing_lines": 15, "excluded_lines": 0, "percent_statements_covered": 0.0, "percent_statements_covered_display": "0"}, "missing_lines": [85, 87, 88, 93, 94, 95, 96, 101, 104, 105, 106, 107, 110, 112, 126], "excluded_lines": [], "start_line": 73}, "get_session": {"executed_lines": [], "summary": {"covered_lines": 0, "num_statements": 10, "percent_covered": 0.0, "percent_covered_display": "0", "missing_lines": 10, "excluded_lines": 0, "percent_statements_covered": 0.0, "percent_statements_covered_display": "0"}, "missing_lines": [148, 149, 150, 151, 157, 160, 161, 162, 163, 164], "excluded_lines": [], "start_line": 137}, "update_session": {"executed_lines": [], "summary": {"covered_lines": 0, "num_statements": 7, "percent_covered": 0.0, "percent_covered_display": "0", "missing_lines": 7, "excluded_lines": 0, "percent_statements_covered": 0.0, "percent_statements_covered_display": "0"}, "missing_lines": [184, 185, 186, 187, 188, 194, 195], "excluded_lines": [], "start_line": 172}, "delete_session": {"executed_lines": [214, 215, 216, 217, 218, 219, 220, 226, 232, 233], "summary": {"covered_lines": 10, "num_statements": 10, "percent_covered": 100.0, "percent_covered_display": "100", "missing_lines": 0, "excluded_lines": 0, "percent_statements_covered": 100.0, "percent_statements_covered_display": "100"}, "missing_lines": [], "excluded_lines": [], "start_line": 203}, "assign_caller": {"executed_lines": [], "summary": {"covered_lines": 0, "num_statements": 11, "percent_covered": 0.0, "percent_covered_display": "0", "missing_lines": 11, "excluded_lines": 0, "percent_statements_covered": 0.0, "percent_statements_covered_display": "0"}, "missing_lines": [259, 260, 261, 262, 263, 269, 270, 271, 272, 273, 278], "excluded_lines": [], "start_line": 247}, "remove_caller": {"executed_lines": [], "summary": {"covered_lines": 0, "num_statements": 7, "percent_covered": 0.0, "percent_covered_display": "0", "missing_lines": 7, "excluded_lines": 0, "percent_statements_covered": 0.0, "percent_statements_covered_display": "0"}, "missing_lines": [298, 299, 300, 301, 302, 308, 309], "excluded_lines": [], "start_line": 286}, "list_callers": {"executed_lines": [], "summary": {"covered_lines": 0, "num_statements": 3, "percent_covered": 0.0, "percent_covered_display": "0", "missing_lines": 3, "excluded_lines": 0, "percent_statements_covered": 0.0, "percent_statements_covered_display": "0"}, "missing_lines": [328, 329, 330], "excluded_lines": [], "start_line": 317}, "check_in": {"executed_lines": [], "summary": {"covered_lines": 0, "num_statements": 7, "percent_covered": 0.0, "percent_covered_display": "0", "missing_lines": 7, "excluded_lines": 0, "percent_statements_covered": 0.0, "percent_statements_covered_display": "0"}, "missing_lines": [349, 350, 351, 352, 353, 359, 360], "excluded_lines": [], "start_line": 338}, "check_out": {"executed_lines": [], "summary": {"covered_lines": 0, "num_statements": 7, "percent_covered": 0.0, "percent_covered_display": "0", "missing_lines": 7, "excluded_lines": 0, "percent_statements_covered": 0.0, "percent_statements_covered_display": "0"}, "missing_lines": [379, 380, 381, 382, 383, 389, 390], "excluded_lines": [], "start_line": 368}, "record_call": {"executed_lines": [], "summary": {"covered_lines": 0, "num_statements": 7, "percent_covered": 0.0, "percent_covered_display": "0", "missing_lines": 7, "excluded_lines": 0, "percent_statements_covered": 0.0, "percent_statements_covered_display": "0"}, "missing_lines": [416, 417, 418, 421, 422, 428, 429], "excluded_lines": [], "start_line": 404}, "get_progress": {"executed_lines": [], "summary": {"covered_lines": 0, "num_statements": 6, "percent_covered": 0.0, "percent_covered_display": "0", "missing_lines": 6, "excluded_lines": 0, "percent_statements_covered": 0.0, "percent_statements_covered_display": "0"}, "missing_lines": [453, 454, 455, 456, 457, 463], "excluded_lines": [], "start_line": 442}, "reassign_entry": {"executed_lines": [], "summary": {"covered_lines": 0, "num_statements": 7, "percent_covered": 0.0, "percent_covered_display": "0", "missing_lines": 7, "excluded_lines": 0, "percent_statements_covered": 0.0, "percent_statements_covered_display": "0"}, "missing_lines": [484, 485, 486, 489, 490, 496, 497], "excluded_lines": [], "start_line": 471}, "force_release_entry": {"executed_lines": [], "summary": {"covered_lines": 0, "num_statements": 7, "percent_covered": 0.0, "percent_covered_display": "0", "missing_lines": 7, "excluded_lines": 0, "percent_statements_covered": 0.0, "percent_statements_covered_display": "0"}, "missing_lines": [517, 518, 519, 520, 521, 527, 528], "excluded_lines": [], "start_line": 505}, "self_release_entry": {"executed_lines": [], "summary": {"covered_lines": 0, "num_statements": 7, "percent_covered": 0.0, "percent_covered_display": "0", "missing_lines": 7, "excluded_lines": 0, "percent_statements_covered": 0.0, "percent_statements_covered_display": "0"}, "missing_lines": [549, 550, 551, 552, 553, 559, 560], "excluded_lines": [], "start_line": 536}, "": {"executed_lines": [3, 5, 7, 8, 9, 10, 11, 13, 14, 15, 16, 17, 18, 19, 20, 31, 33, 35, 43, 48, 49, 68, 72, 73, 132, 136, 137, 167, 171, 172, 198, 202, 203, 241, 246, 247, 281, 285, 286, 312, 316, 317, 333, 337, 338, 363, 367, 368, 398, 403, 404, 437, 441, 442, 466, 470, 471, 500, 504, 505, 531, 535, 536], "summary": {"covered_lines": 63, "num_statements": 63, "percent_covered": 100.0, "percent_covered_display": "100", "missing_lines": 0, "excluded_lines": 0, "percent_statements_covered": 100.0, "percent_statements_covered_display": "100"}, "missing_lines": [], "excluded_lines": [], "start_line": 1}}, "classes": {"": {"executed_lines": [3, 5, 7, 8, 9, 10, 11, 13, 14, 15, 16, 17, 18, 19, 20, 31, 33, 35, 43, 48, 49, 68, 72, 73, 132, 136, 137, 167, 171, 172, 198, 202, 203, 214, 215, 216, 217, 218, 219, 220, 226, 232, 233, 241, 246, 247, 281, 285, 286, 312, 316, 317, 333, 337, 338, 363, 367, 368, 398, 403, 404, 437, 441, 442, 466, 470, 471, 500, 504, 505, 531, 535, 536], "summary": {"covered_lines": 73, "num_statements": 178, "percent_covered": 41.01123595505618, "percent_covered_display": "41", "missing_lines": 105, "excluded_lines": 0, "percent_statements_covered": 41.01123595505618, "percent_statements_covered_display": "41"}, "missing_lines": [60, 61, 64, 65, 85, 87, 88, 93, 94, 95, 96, 101, 104, 105, 106, 107, 110, 112, 126, 148, 149, 150, 151, 157, 160, 161, 162, 163, 164, 184, 185, 186, 187, 188, 194, 195, 259, 260, 261, 262, 263, 269, 270, 271, 272, 273, 278, 298, 299, 300, 301, 302, 308, 309, 328, 329, 330, 349, 350, 351, 352, 353, 359, 360, 379, 380, 381, 382, 383, 389, 390, 416, 417, 418, 421, 422, 428, 429, 453, 454, 455, 456, 457, 463, 484, 485, 486, 489, 490, 496, 497, 517, 518, 519, 520, 521, 527, 528, 549, 550, 551, 552, 553, 559, 560], "excluded_lines": [], "start_line": 1}}}, "app/api/v1/router.py": {"executed_lines": [3, 5, 7, 33, 35, 36, 37, 38, 39, 40, 41, 42, 43, 44, 45, 46, 47, 48, 49, 50, 51, 52, 53, 54, 55, 56, 57], "summary": {"covered_lines": 27, "num_statements": 27, "percent_covered": 100.0, "percent_covered_display": "100", "missing_lines": 0, "excluded_lines": 0, "percent_statements_covered": 100.0, "percent_statements_covered_display": "100"}, "missing_lines": [], "excluded_lines": [], "functions": {"": {"executed_lines": [3, 5, 7, 33, 35, 36, 37, 38, 39, 40, 41, 42, 43, 44, 45, 46, 47, 48, 49, 50, 51, 52, 53, 54, 55, 56, 57], "summary": {"covered_lines": 27, "num_statements": 27, "percent_covered": 100.0, "percent_covered_display": "100", "missing_lines": 0, "excluded_lines": 0, "percent_statements_covered": 100.0, "percent_statements_covered_display": "100"}, "missing_lines": [], "excluded_lines": [], "start_line": 1}}, "classes": {"": {"executed_lines": [3, 5, 7, 33, 35, 36, 37, 38, 39, 40, 41, 42, 43, 44, 45, 46, 47, 48, 49, 50, 51, 52, 53, 54, 55, 56, 57], "summary": {"covered_lines": 27, "num_statements": 27, "percent_covered": 100.0, "percent_covered_display": "100", "missing_lines": 0, "excluded_lines": 0, "percent_statements_covered": 100.0, "percent_statements_covered_display": "100"}, "missing_lines": [], "excluded_lines": [], "start_line": 1}}}, "app/api/v1/shifts.py": {"executed_lines": [3, 5, 7, 8, 9, 11, 12, 13, 14, 15, 24, 25, 27, 29, 30, 33, 68, 73, 74, 93, 97, 98, 131, 135, 136, 159, 163, 164, 191, 195, 196, 223, 227, 228, 258, 263, 264, 309, 314, 315, 341, 345, 346, 394, 398, 399, 432, 436, 437, 463, 467, 468, 499, 503, 504, 538, 542, 543], "summary": {"covered_lines": 58, "num_statements": 161, "percent_covered": 36.024844720496894, "percent_covered_display": "36", "missing_lines": 103, "excluded_lines": 0, "percent_statements_covered": 36.024844720496894, "percent_statements_covered_display": "36"}, "missing_lines": [35, 36, 85, 86, 87, 89, 90, 110, 111, 115, 125, 147, 148, 149, 150, 156, 176, 177, 178, 179, 180, 186, 187, 188, 208, 209, 210, 211, 212, 218, 219, 220, 239, 240, 241, 242, 243, 249, 250, 275, 276, 278, 281, 287, 288, 289, 296, 297, 298, 299, 305, 306, 327, 328, 329, 330, 331, 337, 338, 358, 359, 361, 364, 370, 371, 372, 379, 380, 383, 384, 390, 391, 411, 412, 413, 416, 417, 423, 424, 449, 450, 451, 452, 453, 459, 460, 480, 481, 482, 483, 484, 490, 491, 517, 518, 519, 527, 528, 534, 535, 554, 555, 556], "excluded_lines": [], "functions": {"_shift_to_response": {"executed_lines": [], "summary": {"covered_lines": 0, "num_statements": 2, "percent_covered": 0.0, "percent_covered_display": "0", "missing_lines": 2, "excluded_lines": 0, "percent_statements_covered": 0.0, "percent_statements_covered_display": "0"}, "missing_lines": [35, 36], "excluded_lines": [], "start_line": 33}, "create_shift": {"executed_lines": [], "summary": {"covered_lines": 0, "num_statements": 5, "percent_covered": 0.0, "percent_covered_display": "0", "missing_lines": 5, "excluded_lines": 0, "percent_statements_covered": 0.0, "percent_statements_covered_display": "0"}, "missing_lines": [85, 86, 87, 89, 90], "excluded_lines": [], "start_line": 74}, "list_shifts": {"executed_lines": [], "summary": {"covered_lines": 0, "num_statements": 4, "percent_covered": 0.0, "percent_covered_display": "0", "missing_lines": 4, "excluded_lines": 0, "percent_statements_covered": 0.0, "percent_statements_covered_display": "0"}, "missing_lines": [110, 111, 115, 125], "excluded_lines": [], "start_line": 98}, "get_shift": {"executed_lines": [], "summary": {"covered_lines": 0, "num_statements": 5, "percent_covered": 0.0, "percent_covered_display": "0", "missing_lines": 5, "excluded_lines": 0, "percent_statements_covered": 0.0, "percent_statements_covered_display": "0"}, "missing_lines": [147, 148, 149, 150, 156], "excluded_lines": [], "start_line": 136}, "update_shift": {"executed_lines": [], "summary": {"covered_lines": 0, "num_statements": 8, "percent_covered": 0.0, "percent_covered_display": "0", "missing_lines": 8, "excluded_lines": 0, "percent_statements_covered": 0.0, "percent_statements_covered_display": "0"}, "missing_lines": [176, 177, 178, 179, 180, 186, 187, 188], "excluded_lines": [], "start_line": 164}, "update_shift_status": {"executed_lines": [], "summary": {"covered_lines": 0, "num_statements": 8, "percent_covered": 0.0, "percent_covered_display": "0", "missing_lines": 8, "excluded_lines": 0, "percent_statements_covered": 0.0, "percent_statements_covered_display": "0"}, "missing_lines": [208, 209, 210, 211, 212, 218, 219, 220], "excluded_lines": [], "start_line": 196}, "delete_shift": {"executed_lines": [], "summary": {"covered_lines": 0, "num_statements": 7, "percent_covered": 0.0, "percent_covered_display": "0", "missing_lines": 7, "excluded_lines": 0, "percent_statements_covered": 0.0, "percent_statements_covered_display": "0"}, "missing_lines": [239, 240, 241, 242, 243, 249, 250], "excluded_lines": [], "start_line": 228}, "signup_for_shift": {"executed_lines": [], "summary": {"covered_lines": 0, "num_statements": 13, "percent_covered": 0.0, "percent_covered_display": "0", "missing_lines": 13, "excluded_lines": 0, "percent_statements_covered": 0.0, "percent_statements_covered_display": "0"}, "missing_lines": [275, 276, 278, 281, 287, 288, 289, 296, 297, 298, 299, 305, 306], "excluded_lines": [], "start_line": 264}, "assign_volunteer": {"executed_lines": [], "summary": {"covered_lines": 0, "num_statements": 7, "percent_covered": 0.0, "percent_covered_display": "0", "missing_lines": 7, "excluded_lines": 0, "percent_statements_covered": 0.0, "percent_statements_covered_display": "0"}, "missing_lines": [327, 328, 329, 330, 331, 337, 338], "excluded_lines": [], "start_line": 315}, "cancel_self_signup": {"executed_lines": [], "summary": {"covered_lines": 0, "num_statements": 13, "percent_covered": 0.0, "percent_covered_display": "0", "missing_lines": 13, "excluded_lines": 0, "percent_statements_covered": 0.0, "percent_statements_covered_display": "0"}, "missing_lines": [358, 359, 361, 364, 370, 371, 372, 379, 380, 383, 384, 390, 391], "excluded_lines": [], "start_line": 346}, "manager_remove_volunteer": {"executed_lines": [], "summary": {"covered_lines": 0, "num_statements": 7, "percent_covered": 0.0, "percent_covered_display": "0", "missing_lines": 7, "excluded_lines": 0, "percent_statements_covered": 0.0, "percent_statements_covered_display": "0"}, "missing_lines": [411, 412, 413, 416, 417, 423, 424], "excluded_lines": [], "start_line": 399}, "check_in": {"executed_lines": [], "summary": {"covered_lines": 0, "num_statements": 7, "percent_covered": 0.0, "percent_covered_display": "0", "missing_lines": 7, "excluded_lines": 0, "percent_statements_covered": 0.0, "percent_statements_covered_display": "0"}, "missing_lines": [449, 450, 451, 452, 453, 459, 460], "excluded_lines": [], "start_line": 437}, "check_out": {"executed_lines": [], "summary": {"covered_lines": 0, "num_statements": 7, "percent_covered": 0.0, "percent_covered_display": "0", "missing_lines": 7, "excluded_lines": 0, "percent_statements_covered": 0.0, "percent_statements_covered_display": "0"}, "missing_lines": [480, 481, 482, 483, 484, 490, 491], "excluded_lines": [], "start_line": 468}, "adjust_hours": {"executed_lines": [], "summary": {"covered_lines": 0, "num_statements": 7, "percent_covered": 0.0, "percent_covered_display": "0", "missing_lines": 7, "excluded_lines": 0, "percent_statements_covered": 0.0, "percent_statements_covered_display": "0"}, "missing_lines": [517, 518, 519, 527, 528, 534, 535], "excluded_lines": [], "start_line": 504}, "list_shift_volunteers": {"executed_lines": [], "summary": {"covered_lines": 0, "num_statements": 3, "percent_covered": 0.0, "percent_covered_display": "0", "missing_lines": 3, "excluded_lines": 0, "percent_statements_covered": 0.0, "percent_statements_covered_display": "0"}, "missing_lines": [554, 555, 556], "excluded_lines": [], "start_line": 543}, "": {"executed_lines": [3, 5, 7, 8, 9, 11, 12, 13, 14, 15, 24, 25, 27, 29, 30, 33, 68, 73, 74, 93, 97, 98, 131, 135, 136, 159, 163, 164, 191, 195, 196, 223, 227, 228, 258, 263, 264, 309, 314, 315, 341, 345, 346, 394, 398, 399, 432, 436, 437, 463, 467, 468, 499, 503, 504, 538, 542, 543], "summary": {"covered_lines": 58, "num_statements": 58, "percent_covered": 100.0, "percent_covered_display": "100", "missing_lines": 0, "excluded_lines": 0, "percent_statements_covered": 100.0, "percent_statements_covered_display": "100"}, "missing_lines": [], "excluded_lines": [], "start_line": 1}}, "classes": {"": {"executed_lines": [3, 5, 7, 8, 9, 11, 12, 13, 14, 15, 24, 25, 27, 29, 30, 33, 68, 73, 74, 93, 97, 98, 131, 135, 136, 159, 163, 164, 191, 195, 196, 223, 227, 228, 258, 263, 264, 309, 314, 315, 341, 345, 346, 394, 398, 399, 432, 436, 437, 463, 467, 468, 499, 503, 504, 538, 542, 543], "summary": {"covered_lines": 58, "num_statements": 161, "percent_covered": 36.024844720496894, "percent_covered_display": "36", "missing_lines": 103, "excluded_lines": 0, "percent_statements_covered": 36.024844720496894, "percent_statements_covered_display": "36"}, "missing_lines": [35, 36, 85, 86, 87, 89, 90, 110, 111, 115, 125, 147, 148, 149, 150, 156, 176, 177, 178, 179, 180, 186, 187, 188, 208, 209, 210, 211, 212, 218, 219, 220, 239, 240, 241, 242, 243, 249, 250, 275, 276, 278, 281, 287, 288, 289, 296, 297, 298, 299, 305, 306, 327, 328, 329, 330, 331, 337, 338, 358, 359, 361, 364, 370, 371, 372, 379, 380, 383, 384, 390, 391, 411, 412, 413, 416, 417, 423, 424, 449, 450, 451, 452, 453, 459, 460, 480, 481, 482, 483, 484, 490, 491, 517, 518, 519, 527, 528, 534, 535, 554, 555, 556], "excluded_lines": [], "start_line": 1}}}, "app/api/v1/surveys.py": {"executed_lines": [3, 5, 7, 8, 10, 11, 12, 13, 14, 15, 27, 29, 31, 39, 44, 45, 66, 70, 71, 110, 114, 115, 140, 144, 145, 170, 174, 175, 202, 207, 208, 233, 237, 238, 264, 268, 269, 292, 296, 297, 327, 332, 333, 363, 367, 368], "summary": {"covered_lines": 46, "num_statements": 117, "percent_covered": 39.31623931623932, "percent_covered_display": "39", "missing_lines": 71, "excluded_lines": 0, "percent_statements_covered": 39.31623931623932, "percent_statements_covered_display": "39"}, "missing_lines": [53, 55, 61, 63, 81, 83, 84, 85, 86, 87, 88, 93, 101, 123, 125, 126, 127, 132, 134, 154, 156, 157, 160, 161, 165, 167, 183, 185, 186, 187, 188, 192, 194, 217, 219, 220, 223, 224, 228, 230, 248, 250, 251, 254, 255, 259, 261, 278, 280, 281, 282, 283, 287, 289, 306, 308, 309, 312, 313, 317, 319, 342, 344, 345, 353, 354, 358, 360, 377, 379, 386], "excluded_lines": [], "functions": {"create_script": {"executed_lines": [], "summary": {"covered_lines": 0, "num_statements": 4, "percent_covered": 0.0, "percent_covered_display": "0", "missing_lines": 4, "excluded_lines": 0, "percent_statements_covered": 0.0, "percent_statements_covered_display": "0"}, "missing_lines": [53, 55, 61, 63], "excluded_lines": [], "start_line": 45}, "list_scripts": {"executed_lines": [], "summary": {"covered_lines": 0, "num_statements": 9, "percent_covered": 0.0, "percent_covered_display": "0", "missing_lines": 9, "excluded_lines": 0, "percent_statements_covered": 0.0, "percent_statements_covered_display": "0"}, "missing_lines": [81, 83, 84, 85, 86, 87, 88, 93, 101], "excluded_lines": [], "start_line": 71}, "get_script": {"executed_lines": [], "summary": {"covered_lines": 0, "num_statements": 6, "percent_covered": 0.0, "percent_covered_display": "0", "missing_lines": 6, "excluded_lines": 0, "percent_statements_covered": 0.0, "percent_statements_covered_display": "0"}, "missing_lines": [123, 125, 126, 127, 132, 134], "excluded_lines": [], "start_line": 115}, "update_script": {"executed_lines": [], "summary": {"covered_lines": 0, "num_statements": 7, "percent_covered": 0.0, "percent_covered_display": "0", "missing_lines": 7, "excluded_lines": 0, "percent_statements_covered": 0.0, "percent_statements_covered_display": "0"}, "missing_lines": [154, 156, 157, 160, 161, 165, 167], "excluded_lines": [], "start_line": 145}, "delete_script": {"executed_lines": [], "summary": {"covered_lines": 0, "num_statements": 7, "percent_covered": 0.0, "percent_covered_display": "0", "missing_lines": 7, "excluded_lines": 0, "percent_statements_covered": 0.0, "percent_statements_covered_display": "0"}, "missing_lines": [183, 185, 186, 187, 188, 192, 194], "excluded_lines": [], "start_line": 175}, "add_question": {"executed_lines": [], "summary": {"covered_lines": 0, "num_statements": 7, "percent_covered": 0.0, "percent_covered_display": "0", "missing_lines": 7, "excluded_lines": 0, "percent_statements_covered": 0.0, "percent_statements_covered_display": "0"}, "missing_lines": [217, 219, 220, 223, 224, 228, 230], "excluded_lines": [], "start_line": 208}, "update_question": {"executed_lines": [], "summary": {"covered_lines": 0, "num_statements": 7, "percent_covered": 0.0, "percent_covered_display": "0", "missing_lines": 7, "excluded_lines": 0, "percent_statements_covered": 0.0, "percent_statements_covered_display": "0"}, "missing_lines": [248, 250, 251, 254, 255, 259, 261], "excluded_lines": [], "start_line": 238}, "delete_question": {"executed_lines": [], "summary": {"covered_lines": 0, "num_statements": 7, "percent_covered": 0.0, "percent_covered_display": "0", "missing_lines": 7, "excluded_lines": 0, "percent_statements_covered": 0.0, "percent_statements_covered_display": "0"}, "missing_lines": [278, 280, 281, 282, 283, 287, 289], "excluded_lines": [], "start_line": 269}, "reorder_questions": {"executed_lines": [], "summary": {"covered_lines": 0, "num_statements": 7, "percent_covered": 0.0, "percent_covered_display": "0", "missing_lines": 7, "excluded_lines": 0, "percent_statements_covered": 0.0, "percent_statements_covered_display": "0"}, "missing_lines": [306, 308, 309, 312, 313, 317, 319], "excluded_lines": [], "start_line": 297}, "record_batch_responses": {"executed_lines": [], "summary": {"covered_lines": 0, "num_statements": 7, "percent_covered": 0.0, "percent_covered_display": "0", "missing_lines": 7, "excluded_lines": 0, "percent_statements_covered": 0.0, "percent_statements_covered_display": "0"}, "missing_lines": [342, 344, 345, 353, 354, 358, 360], "excluded_lines": [], "start_line": 333}, "get_voter_responses": {"executed_lines": [], "summary": {"covered_lines": 0, "num_statements": 3, "percent_covered": 0.0, "percent_covered_display": "0", "missing_lines": 3, "excluded_lines": 0, "percent_statements_covered": 0.0, "percent_statements_covered_display": "0"}, "missing_lines": [377, 379, 386], "excluded_lines": [], "start_line": 368}, "": {"executed_lines": [3, 5, 7, 8, 10, 11, 12, 13, 14, 15, 27, 29, 31, 39, 44, 45, 66, 70, 71, 110, 114, 115, 140, 144, 145, 170, 174, 175, 202, 207, 208, 233, 237, 238, 264, 268, 269, 292, 296, 297, 327, 332, 333, 363, 367, 368], "summary": {"covered_lines": 46, "num_statements": 46, "percent_covered": 100.0, "percent_covered_display": "100", "missing_lines": 0, "excluded_lines": 0, "percent_statements_covered": 100.0, "percent_statements_covered_display": "100"}, "missing_lines": [], "excluded_lines": [], "start_line": 1}}, "classes": {"": {"executed_lines": [3, 5, 7, 8, 10, 11, 12, 13, 14, 15, 27, 29, 31, 39, 44, 45, 66, 70, 71, 110, 114, 115, 140, 144, 145, 170, 174, 175, 202, 207, 208, 233, 237, 238, 264, 268, 269, 292, 296, 297, 327, 332, 333, 363, 367, 368], "summary": {"covered_lines": 46, "num_statements": 117, "percent_covered": 39.31623931623932, "percent_covered_display": "39", "missing_lines": 71, "excluded_lines": 0, "percent_statements_covered": 39.31623931623932, "percent_statements_covered_display": "39"}, "missing_lines": [53, 55, 61, 63, 81, 83, 84, 85, 86, 87, 88, 93, 101, 123, 125, 126, 127, 132, 134, 154, 156, 157, 160, 161, 165, 167, 183, 185, 186, 187, 188, 192, 194, 217, 219, 220, 223, 224, 228, 230, 248, 250, 251, 254, 255, 259, 261, 278, 280, 281, 282, 283, 287, 289, 306, 308, 309, 312, 313, 317, 319, 342, 344, 345, 353, 354, 358, 360, 377, 379, 386], "excluded_lines": [], "start_line": 1}}}, "app/api/v1/turfs.py": {"executed_lines": [3, 5, 6, 8, 9, 10, 11, 13, 14, 15, 16, 17, 18, 19, 26, 28, 30, 33, 48, 53, 54, 79, 83, 84, 112, 116, 117, 161, 165, 166, 209, 213, 214, 237, 241, 242, 276, 280, 281], "summary": {"covered_lines": 39, "num_statements": 93, "percent_covered": 41.935483870967744, "percent_covered_display": "42", "missing_lines": 54, "excluded_lines": 0, "percent_statements_covered": 41.935483870967744, "percent_statements_covered_display": "42"}, "missing_lines": [35, 65, 66, 67, 68, 69, 75, 76, 97, 98, 102, 103, 104, 129, 130, 131, 132, 133, 134, 141, 146, 147, 149, 150, 151, 177, 178, 179, 180, 187, 197, 198, 225, 226, 227, 228, 234, 254, 255, 256, 257, 258, 259, 260, 266, 272, 273, 292, 293, 294, 295, 296, 302, 303], "excluded_lines": [], "functions": {"_turf_to_response": {"executed_lines": [], "summary": {"covered_lines": 0, "num_statements": 1, "percent_covered": 0.0, "percent_covered_display": "0", "missing_lines": 1, "excluded_lines": 0, "percent_statements_covered": 0.0, "percent_statements_covered_display": "0"}, "missing_lines": [35], "excluded_lines": [], "start_line": 33}, "create_turf": {"executed_lines": [], "summary": {"covered_lines": 0, "num_statements": 7, "percent_covered": 0.0, "percent_covered_display": "0", "missing_lines": 7, "excluded_lines": 0, "percent_statements_covered": 0.0, "percent_statements_covered_display": "0"}, "missing_lines": [65, 66, 67, 68, 69, 75, 76], "excluded_lines": [], "start_line": 54}, "list_turfs": {"executed_lines": [], "summary": {"covered_lines": 0, "num_statements": 5, "percent_covered": 0.0, "percent_covered_display": "0", "missing_lines": 5, "excluded_lines": 0, "percent_statements_covered": 0.0, "percent_statements_covered_display": "0"}, "missing_lines": [97, 98, 102, 103, 104], "excluded_lines": [], "start_line": 84}, "get_turf_overlaps": {"executed_lines": [], "summary": {"covered_lines": 0, "num_statements": 12, "percent_covered": 0.0, "percent_covered_display": "0", "missing_lines": 12, "excluded_lines": 0, "percent_statements_covered": 0.0, "percent_statements_covered_display": "0"}, "missing_lines": [129, 130, 131, 132, 133, 134, 141, 146, 147, 149, 150, 151], "excluded_lines": [], "start_line": 117}, "get_turf_voters": {"executed_lines": [], "summary": {"covered_lines": 0, "num_statements": 7, "percent_covered": 0.0, "percent_covered_display": "0", "missing_lines": 7, "excluded_lines": 0, "percent_statements_covered": 0.0, "percent_statements_covered_display": "0"}, "missing_lines": [177, 178, 179, 180, 187, 197, 198], "excluded_lines": [], "start_line": 166}, "get_turf": {"executed_lines": [], "summary": {"covered_lines": 0, "num_statements": 5, "percent_covered": 0.0, "percent_covered_display": "0", "missing_lines": 5, "excluded_lines": 0, "percent_statements_covered": 0.0, "percent_statements_covered_display": "0"}, "missing_lines": [225, 226, 227, 228, 234], "excluded_lines": [], "start_line": 214}, "update_turf": {"executed_lines": [], "summary": {"covered
[...]
 {"executed_lines": [], "summary": {"covered_lines": 0, "num_statements": 2, "percent_covered": 0.0, "percent_covered_display": "0", "missing_lines": 2, "excluded_lines": 0, "percent_statements_covered": 0.0, "percent_statements_covered_display": "0"}, "missing_lines": [378, 383], "excluded_lines": [], "start_line": 364}, "WalkListService.delete_walk_list": {"executed_lines": [], "summary": {"covered_lines": 0, "num_statements": 8, "percent_covered": 0.0, "percent_covered_display": "0", "missing_lines": 8, "excluded_lines": 0, "percent_statements_covered": 0.0, "percent_statements_covered_display": "0"}, "missing_lines": [399, 400, 401, 402, 405, 408, 413, 414], "excluded_lines": [], "start_line": 385}, "WalkListService.get_enriched_entries": {"executed_lines": [], "summary": {"covered_lines": 0, "num_statements": 11, "percent_covered": 0.0, "percent_covered_display": "0", "missing_lines": 11, "excluded_lines": 0, "percent_statements_covered": 0.0, "percent_statements_covered_display": "0"}, "missing_lines": [436, 448, 460, 465, 469, 496, 497, 499, 500, 501, 529], "excluded_lines": [], "start_line": 416}, "": {"executed_lines": [3, 5, 6, 7, 9, 11, 12, 13, 14, 15, 16, 22, 30, 33, 123, 142, 176, 230, 287, 317, 343, 364, 385, 416], "summary": {"covered_lines": 24, "num_statements": 24, "percent_covered": 100.0, "percent_covered_display": "100", "missing_lines": 0, "excluded_lines": 3, "percent_statements_covered": 100.0, "percent_statements_covered_display": "100"}, "missing_lines": [], "excluded_lines": [24, 25, 27], "start_line": 1}}, "classes": {"WalkListService": {"executed_lines": [55, 58, 59, 64, 67, 74, 80, 81, 84, 89, 90, 102, 105, 106, 107, 108, 116, 117, 119, 120, 121, 163, 169, 170, 171, 172, 173, 174], "summary": {"covered_lines": 28, "num_statements": 109, "percent_covered": 25.68807339449541, "percent_covered_display": "26", "missing_lines": 81, "excluded_lines": 0, "percent_statements_covered": 25.68807339449541, "percent_statements_covered_display": "26"}, "missing_lines": [60, 61, 75, 137, 140, 196, 202, 203, 205, 206, 207, 208, 209, 210, 215, 216, 217, 219, 220, 221, 223, 224, 225, 226, 228, 250, 256, 257, 259, 260, 261, 262, 263, 264, 272, 273, 274, 276, 277, 278, 280, 281, 282, 283, 285, 306, 309, 310, 311, 312, 313, 314, 315, 333, 334, 339, 340, 341, 356, 362, 378, 383, 399, 400, 401, 402, 405, 408, 413, 414, 436, 448, 460, 465, 469, 496, 497, 499, 500, 501, 529], "excluded_lines": [], "start_line": 30}, "": {"executed_lines": [3, 5, 6, 7, 9, 11, 12, 13, 14, 15, 16, 22, 30, 33, 123, 142, 176, 230, 287, 317, 343, 364, 385, 416], "summary": {"covered_lines": 24, "num_statements": 24, "percent_covered": 100.0, "percent_covered_display": "100", "missing_lines": 0, "excluded_lines": 3, "percent_statements_covered": 100.0, "percent_statements_covered_display": "100"}, "missing_lines": [], "excluded_lines": [24, 25, 27], "start_line": 1}}}, "app/services/zitadel.py": {"executed_lines": [3, 5, 6, 8, 9, 11, 14, 21, 28, 29, 30, 31, 32, 33, 36, 37, 38, 39, 44, 46, 57, 58, 61, 62, 65, 74, 75, 76, 77, 78, 81, 82, 87, 91, 92, 93, 95, 97, 103, 115, 116, 117, 118, 123, 124, 125, 130, 137, 172, 207, 267, 349, 404, 449], "summary": {"covered_lines": 54, "num_statements": 191, "percent_covered": 28.272251308900522, "percent_covered_display": "28", "missing_lines": 137, "excluded_lines": 0, "percent_statements_covered": 28.272251308900522, "percent_statements_covered_display": "28"}, "missing_lines": [59, 126, 127, 131, 132, 135, 149, 150, 151, 152, 153, 154, 158, 159, 160, 161, 164, 165, 166, 170, 184, 185, 186, 187, 188, 189, 193, 194, 195, 196, 199, 200, 201, 205, 230, 231, 232, 233, 234, 235, 239, 240, 241, 242, 247, 248, 249, 250, 253, 254, 256, 260, 261, 262, 265, 290, 291, 292, 293, 294, 295, 300, 305, 306, 309, 310, 317, 318, 319, 320, 321, 322, 326, 328, 329, 337, 338, 339, 342, 343, 344, 347, 370, 371, 372, 373, 374, 375, 377, 382, 383, 385, 386, 387, 391, 392, 393, 394, 397, 398, 399, 402, 423, 424, 425, 426, 427, 435, 436, 437, 438, 439, 442, 443, 444, 447, 469, 470, 473, 474, 475, 476, 478, 484, 485, 486, 487, 488, 493, 494, 495, 496, 497, 498, 499, 504, 505], "excluded_lines": [], "functions": {"ZitadelService.__init__": {"executed_lines": [28, 29, 30, 31, 32, 33, 36, 37, 38, 39, 44], "summary": {"covered_lines": 11, "num_statements": 11, "percent_covered": 100.0, "percent_covered_display": "100", "missing_lines": 0, "excluded_lines": 0, "percent_statements_covered": 100.0, "percent_statements_covered_display": "100"}, "missing_lines": [], "excluded_lines": [], "start_line": 21}, "ZitadelService._get_token": {"executed_lines": [57, 58, 61, 62, 65, 74, 75, 76, 77, 78, 81, 82, 87, 91, 92, 93], "summary": {"covered_lines": 16, "num_statements": 17, "percent_covered": 94.11764705882354, "percent_covered_display": "94", "missing_lines": 1, "excluded_lines": 0, "percent_statements_covered": 94.11764705882354, "percent_statements_covered_display": "94"}, "missing_lines": [59], "excluded_lines": [], "start_line": 46}, "ZitadelService._auth_headers": {"executed_lines": [97], "summary": {"covered_lines": 1, "num_statements": 1, "percent_covered": 100.0, "percent_covered_display": "100", "missing_lines": 0, "excluded_lines": 0, "percent_statements_covered": 100.0, "percent_statements_covered_display": "100"}, "missing_lines": [], "excluded_lines": [], "start_line": 95}, "ZitadelService.create_organization": {"executed_lines": [115, 116, 117, 118, 123, 124, 125, 130], "summary": {"covered_lines": 8, "num_statements": 13, "percent_covered": 61.53846153846154, "percent_covered_display": "62", "missing_lines": 5, "excluded_lines": 0, "percent_statements_covered": 61.53846153846154, "percent_statements_covered_display": "62"}, "missing_lines": [126, 127, 131, 132, 135], "excluded_lines": [], "start_line": 103}, "ZitadelService.deactivate_organization": {"executed_lines": [], "summary": {"covered_lines": 0, "num_statements": 14, "percent_covered": 0.0, "percent_covered_display": "0", "missing_lines": 14, "excluded_lines": 0, "percent_statements_covered": 0.0, "percent_statements_covered_display": "0"}, "missing_lines": [149, 150, 151, 152, 153, 154, 158, 159, 160, 161, 164, 165, 166, 170], "excluded_lines": [], "start_line": 137}, "ZitadelService.delete_organization": {"executed_lines": [], "summary": {"covered_lines": 0, "num_statements": 14, "percent_covered": 0.0, "percent_covered_display": "0", "missing_lines": 14, "excluded_lines": 0, "percent_statements_covered": 0.0, "percent_statements_covered_display": "0"}, "missing_lines": [184, 185, 186, 187, 188, 189, 193, 194, 195, 196, 199, 200, 201, 205], "excluded_lines": [], "start_line": 172}, "ZitadelService.assign_project_role": {"executed_lines": [], "summary": {"covered_lines": 0, "num_statements": 21, "percent_covered": 0.0, "percent_covered_display": "0", "missing_lines": 21, "excluded_lines": 0, "percent_statements_covered": 0.0, "percent_statements_covered_display": "0"}, "missing_lines": [230, 231, 232, 233, 234, 235, 239, 240, 241, 242, 247, 248, 249, 250, 253, 254, 256, 260, 261, 262, 265], "excluded_lines": [], "start_line": 207}, "ZitadelService.remove_project_role": {"executed_lines": [], "summary": {"covered_lines": 0, "num_statements": 27, "percent_covered": 0.0, "percent_covered_display": "0", "missing_lines": 27, "excluded_lines": 0, "percent_statements_covered": 0.0, "percent_statements_covered_display": "0"}, "missing_lines": [290, 291, 292, 293, 294, 295, 300, 305, 306, 309, 310, 317, 318, 319, 320, 321, 322, 326, 328, 329, 337, 338, 339, 342, 343, 344, 347], "excluded_lines": [], "start_line": 267}, "ZitadelService.remove_all_project_roles": {"executed_lines": [], "summary": {"covered_lines": 0, "num_statements": 20, "percent_covered": 0.0, "percent_covered_display": "0", "missing_lines": 20, "excluded_lines": 0, "percent_statements_covered": 0.0, "percent_statements_covered_display": "0"}, "missing_lines": [370, 371, 372, 373, 374, 375, 377, 382, 383, 385, 386, 387, 391, 392, 393, 394, 397, 398, 399, 402], "excluded_lines": [], "start_line": 349}, "ZitadelService.create_project_grant": {"executed_lines": [], "summary": {"covered_lines": 0, "num_statements": 14, "percent_covered": 0.0, "percent_covered_display": "0", "missing_lines": 14, "excluded_lines": 0, "percent_statements_covered": 0.0, "percent_statements_covered_display": "0"}, "missing_lines": [423, 424, 425, 426, 427, 435, 436, 437, 438, 439, 442, 443, 444, 447], "excluded_lines": [], "start_line": 404}, "ZitadelService.ensure_project_grant": {"executed_lines": [], "summary": {"covered_lines": 0, "num_statements": 21, "percent_covered": 0.0, "percent_covered_display": "0", "missing_lines": 21, "excluded_lines": 0, "percent_statements_covered": 0.0, "percent_statements_covered_display": "0"}, "missing_lines": [469, 470, 473, 474, 475, 476, 478, 484, 485, 486, 487, 488, 493, 494, 495, 496, 497, 498, 499, 504, 505], "excluded_lines": [], "start_line": 449}, "": {"executed_lines": [3, 5, 6, 8, 9, 11, 14, 21, 46, 95, 103, 137, 172, 207, 267, 349, 404, 449], "summary": {"covered_lines": 18, "num_statements": 18, "percent_covered": 100.0, "percent_covered_display": "100", "missing_lines": 0, "excluded_lines": 0, "percent_statements_covered": 100.0, "percent_statements_covered_display": "100"}, "missing_lines": [], "excluded_lines": [], "start_line": 1}}, "classes": {"ZitadelService": {"executed_lines": [28, 29, 30, 31, 32, 33, 36, 37, 38, 39, 44, 57, 58, 61, 62, 65, 74, 75, 76, 77, 78, 81, 82, 87, 91, 92, 93, 97, 115, 116, 117, 118, 123, 124, 125, 130], "summary": {"covered_lines": 36, "num_statements": 173, "percent_covered": 20.809248554913296, "percent_covered_display": "21", "missing_lines": 137, "excluded_lines": 0, "percent_statements_covered": 20.809248554913296, "percent_statements_covered_display": "21"}, "missing_lines": [59, 126, 127, 131, 132, 135, 149, 150, 151, 152, 153, 154, 158, 159, 160, 161, 164, 165, 166, 170, 184, 185, 186, 187, 188, 189, 193, 194, 195, 196, 199, 200, 201, 205, 230, 231, 232, 233, 234, 235, 239, 240, 241, 242, 247, 248, 249, 250, 253, 254, 256, 260, 261, 262, 265, 290, 291, 292, 293, 294, 295, 300, 305, 306, 309, 310, 317, 318, 319, 320, 321, 322, 326, 328, 329, 337, 338, 339, 342, 343, 344, 347, 370, 371, 372, 373, 374, 375, 377, 382, 383, 385, 386, 387, 391, 392, 393, 394, 397, 398, 399, 402, 423, 424, 425, 426, 427, 435, 436, 437, 438, 439, 442, 443, 444, 447, 469, 470, 473, 474, 475, 476, 478, 484, 485, 486, 487, 488, 493, 494, 495, 496, 497, 498, 499, 504, 505], "excluded_lines": [], "start_line": 14}, "": {"executed_lines": [3, 5, 6, 8, 9, 11, 14, 21, 46, 95, 103, 137, 172, 207, 267, 349, 404, 449], "summary": {"covered_lines": 18, "num_statements": 18, "percent_covered": 100.0, "percent_covered_display": "100", "missing_lines": 0, "excluded_lines": 0, "percent_statements_covered": 100.0, "percent_statements_covered_display": "100"}, "missing_lines": [], "excluded_lines": [], "start_line": 1}}}, "app/tasks/__init__.py": {"executed_lines": [], "summary": {"covered_lines": 0, "num_statements": 0, "percent_covered": 100.0, "percent_covered_display": "100", "missing_lines": 0, "excluded_lines": 0, "percent_statements_covered": 100.0, "percent_statements_covered_display": "100"}, "missing_lines": [], "excluded_lines": [], "functions": {"": {"executed_lines": [], "summary": {"covered_lines": 0, "num_statements": 0, "percent_covered": 100.0, "percent_covered_display": "100", "missing_lines": 0, "excluded_lines": 0, "percent_statements_covered": 100.0, "percent_statements_covered_display": "100"}, "missing_lines": [], "excluded_lines": [], "start_line": 1}}, "classes": {"": {"executed_lines": [], "summary": {"covered_lines": 0, "num_statements": 0, "percent_covered": 100.0, "percent_covered_display": "100", "missing_lines": 0, "excluded_lines": 0, "percent_statements_covered": 100.0, "percent_statements_covered_display": "100"}, "missing_lines": [], "excluded_lines": [], "start_line": 1}}}, "app/tasks/import_task.py": {"executed_lines": [3, 5, 6, 8, 10, 11, 12, 13, 14, 19, 20, 21, 24, 25, 34, 35, 36, 38, 39, 40, 42, 44, 45, 48, 49, 50, 51, 57, 62, 63, 64, 65, 66, 67, 68, 72, 73, 77, 78, 79, 83, 87, 88, 95, 96, 97, 98, 99, 100, 101, 102, 103, 104, 105, 108, 110, 111, 112, 115, 116, 118, 119, 120, 122, 123, 124, 125, 127, 128, 131, 136, 141, 143, 144, 152, 153, 157, 159, 160, 161, 162, 164, 165, 166, 171, 172, 173, 177, 210, 211, 212], "summary": {"covered_lines": 91, "num_statements": 114, "percent_covered": 79.82456140350877, "percent_covered_display": "80", "missing_lines": 23, "excluded_lines": 0, "percent_statements_covered": 79.82456140350877, "percent_statements_covered_display": "80"}, "missing_lines": [46, 106, 107, 129, 145, 150, 179, 185, 186, 192, 193, 194, 195, 196, 197, 198, 199, 200, 201, 202, 203, 204, 208], "excluded_lines": [], "functions": {"process_import": {"executed_lines": [34, 35, 36, 38, 39, 40, 42, 44, 45, 48, 49, 50, 51, 57, 62, 63, 64, 65, 66, 67, 68, 72, 73, 77, 78, 79, 83, 87, 88, 95, 96, 97, 98, 99, 100, 101, 102, 103, 104, 105, 108, 110, 111, 112], "summary": {"covered_lines": 44, "num_statements": 47, "percent_covered": 93.61702127659575, "percent_covered_display": "94", "missing_lines": 3, "excluded_lines": 0, "percent_statements_covered": 93.61702127659575, "percent_statements_covered_display": "94"}, "missing_lines": [46, 106, 107], "excluded_lines": [], "start_line": 25}, "recover_import": {"executed_lines": [118, 119, 120, 122, 123, 124, 125, 127, 128, 131, 136, 141, 143, 144, 152, 153, 157, 159, 160, 161, 162, 164, 165, 166, 171, 172, 173, 177, 210, 211, 212], "summary": {"covered_lines": 31, "num_statements": 51, "percent_covered": 60.78431372549019, "percent_covered_display": "61", "missing_lines": 20, "excluded_lines": 0, "percent_statements_covered": 60.78431372549019, "percent_statements_covered_display": "61"}, "missing_lines": [129, 145, 150, 179, 185, 186, 192, 193, 194, 195, 196, 197, 198, 199, 200, 201, 202, 203, 204, 208], "excluded_lines": [], "start_line": 116}, "": {"executed_lines": [3, 5, 6, 8, 10, 11, 12, 13, 14, 19, 20, 21, 24, 25, 115, 116], "summary": {"covered_lines": 16, "num_statements": 16, "percent_covered": 100.0, "percent_covered_display": "100", "missing_lines": 0, "excluded_lines": 0, "percent_statements_covered": 100.0, "percent_statements_covered_display": "100"}, "missing_lines": [], "excluded_lines": [], "start_line": 1}}, "classes": {"": {"executed_lines": [3, 5, 6, 8, 10, 11, 12, 13, 14, 19, 20, 21, 24, 25, 34, 35, 36, 38, 39, 40, 42, 44, 45, 48, 49, 50, 51, 57, 62, 63, 64, 65, 66, 67, 68, 72, 73, 77, 78, 79, 83, 87, 88, 95, 96, 97, 98, 99, 100, 101, 102, 103, 104, 105, 108, 110, 111, 112, 115, 116, 118, 119, 120, 122, 123, 124, 125, 127, 128, 131, 136, 141, 143, 144, 152, 153, 157, 159, 160, 161, 162, 164, 165, 166, 171, 172, 173, 177, 210, 211, 212], "summary": {"covered_lines": 91, "num_statements": 114, "percent_covered": 79.82456140350877, "percent_covered_display": "80", "missing_lines": 23, "excluded_lines": 0, "percent_statements_covered": 79.82456140350877, "percent_statements_covered_display": "80"}, "missing_lines": [46, 106, 107, 129, 145, 150, 179, 185, 186, 192, 193, 194, 195, 196, 197, 198, 199, 200, 201, 202, 203, 204, 208], "excluded_lines": [], "start_line": 1}}}, "app/tasks/procrastinate_app.py": {"executed_lines": [7, 9, 11, 13, 16, 22, 23, 24, 27], "summary": {"covered_lines": 9, "num_statements": 9, "percent_covered": 100.0, "percent_covered_display": "100", "missing_lines": 0, "excluded_lines": 0, "percent_statements_covered": 100.0, "percent_statements_covered_display": "100"}, "missing_lines": [], "excluded_lines": [], "functions": {"_make_conninfo": {"executed_lines": [22, 23, 24], "summary": {"covered_lines": 3, "num_statements": 3, "percent_covered": 100.0, "percent_covered_display": "100", "missing_lines": 0, "excluded_lines": 0, "percent_statements_covered": 100.0, "percent_statements_covered_display": "100"}, "missing_lines": [], "excluded_lines": [], "start_line": 16}, "": {"executed_lines": [7, 9, 11, 13, 16, 27], "summary": {"covered_lines": 6, "num_statements": 6, "percent_covered": 100.0, "percent_covered_display": "100", "missing_lines": 0, "excluded_lines": 0, "percent_statements_covered": 100.0, "percent_statements_covered_display": "100"}, "missing_lines": [], "excluded_lines": [], "start_line": 1}}, "classes": {"": {"executed_lines": [7, 9, 11, 13, 16, 22, 23, 24, 27], "summary": {"covered_lines": 9, "num_statements": 9, "percent_covered": 100.0, "percent_covered_display": "100", "missing_lines": 0, "excluded_lines": 0, "percent_statements_covered": 100.0, "percent_statements_covered_display": "100"}, "missing_lines": [], "excluded_lines": [], "start_line": 1}}}, "app/utils/__init__.py": {"executed_lines": [3], "summary": {"covered_lines": 1, "num_statements": 1, "percent_covered": 100.0, "percent_covered_display": "100", "missing_lines": 0, "excluded_lines": 0, "percent_statements_covered": 100.0, "percent_statements_covered_display": "100"}, "missing_lines": [], "excluded_lines": [], "functions": {"": {"executed_lines": [3], "summary": {"covered_lines": 1, "num_statements": 1, "percent_covered": 100.0, "percent_covered_display": "100", "missing_lines": 0, "excluded_lines": 0, "percent_statements_covered": 100.0, "percent_statements_covered_display": "100"}, "missing_lines": [], "excluded_lines": [], "start_line": 1}}, "classes": {"": {"executed_lines": [3], "summary": {"covered_lines": 1, "num_statements": 1, "percent_covered": 100.0, "percent_covered_display": "100", "missing_lines": 0, "excluded_lines": 0, "percent_statements_covered": 100.0, "percent_statements_covered_display": "100"}, "missing_lines": [], "excluded_lines": [], "start_line": 1}}}, "app/utils/slug.py": {"executed_lines": [18, 20, 21, 24, 53, 56, 58, 60, 61, 64, 89, 90, 92, 93, 94, 95, 96, 97], "summary": {"covered_lines": 18, "num_statements": 19, "percent_covered": 94.73684210526316, "percent_covered_display": "95", "missing_lines": 1, "excluded_lines": 0, "percent_statements_covered": 94.73684210526316, "percent_statements_covered_display": "95"}, "missing_lines": [91], "excluded_lines": [], "functions": {"generate_slug": {"executed_lines": [53, 56, 58, 60, 61], "summary": {"covered_lines": 5, "num_statements": 5, "percent_covered": 100.0, "percent_covered_display": "100", "missing_lines": 0, "excluded_lines": 0, "percent_statements_covered": 100.0, "percent_statements_covered_display": "100"}, "missing_lines": [], "excluded_lines": [], "start_line": 24}, "generate_unique_slug": {"executed_lines": [89, 90, 92, 93, 94, 95, 96, 97], "summary": {"covered_lines": 8, "num_statements": 9, "percent_covered": 88.88888888888889, "percent_covered_display": "89", "missing_lines": 1, "excluded_lines": 0, "percent_statements_covered": 88.88888888888889, "percent_statements_covered_display": "89"}, "missing_lines": [91], "excluded_lines": [], "start_line": 64}, "": {"executed_lines": [18, 20, 21, 24, 64], "summary": {"covered_lines": 5, "num_statements": 5, "percent_covered": 100.0, "percent_covered_display": "100", "missing_lines": 0, "excluded_lines": 0, "percent_statements_covered": 100.0, "percent_statements_covered_display": "100"}, "missing_lines": [], "excluded_lines": [], "start_line": 1}}, "classes": {"": {"executed_lines": [18, 20, 21, 24, 53, 56, 58, 60, 61, 64, 89, 90, 92, 93, 94, 95, 96, 97], "summary": {"covered_lines": 18, "num_statements": 19, "percent_covered": 94.73684210526316, "percent_covered_display": "95", "missing_lines": 1, "excluded_lines": 0, "percent_statements_covered": 94.73684210526316, "percent_statements_covered_display": "95"}, "missing_lines": [91], "excluded_lines": [], "start_line": 1}}}}, "totals": {"covered_lines": 5717, "num_statements": 7881, "percent_covered": 72.5415556401472, "percent_covered_display": "73", "missing_lines": 2164, "excluded_lines": 51, "percent_statements_covered": 72.5415556401472, "percent_statements_covered_display": "73"}}